{'city': 'Bandung', 'timestamp': '2025-10-27T12:30', 'temperature': 23.7, 'precipitation': 0.3, 'wind_speed': 0.7}
{'city': 'Bandung', 'timestamp': '2025-10-27T12:30', 'temperature': 23.7, 'precipitation': 0.3, 'wind_speed': 0.7}
{'city': 'Bandung', 'timestamp': '2025-10-27T12:30', 'temperature': 23.7, 'precipitation': 0.3, 'wind_speed': 0.7}
{'city': 'Bandung', 'timestamp': '2025-10-27T12:30', 'temperature': 23.7, 'precipitation': 0.3, 'wind_speed': 0.7}
{'city': 'Bandung', 'timestamp': '2025-10-27T12:30', 'temperature': 23.7, 'precipitation': 0.3, 'wind_speed': 0.7}
{'city': 'Bandung', 'timestamp': '2025-10-27T12:30', 'temperature': 23.7, 'precipitation': 0.3, 'wind_speed': 0.7}
{'city': 'Bandung', 'timestamp': '2025-10-27T12:30', 'temperature': 23.7, 'precipitation': 0.3, 'wind_speed': 0.7}
{'city': 'Bandung', 'timestamp': '2025-10-27T12:30', 'temperature': 23.7, 'precipitation': 0.3, 'wind_speed': 0.7}
{'city': 'Bandung', 'timestamp': '2025-10-27T12:30', 'temperature': 23.7, 'precipitation': 0.3, 'wind_speed': 0.7}
{'city': 'Bandung', 'timestamp': '2025-10-27T12:45', 'temperature': 23.6, 'precipitation': 0.3, 'wind_speed': 0.8}
{'city': 'Bandung', 'timestamp': '2025-10-27T12:45', 'temperature': 23.6, 'precipitation': 0.3, 'wind_speed': 0.8}
{'city': 'Bandung', 'timestamp': '2025-10-27T12:45', 'temperature': 23.6, 'precipitation': 0.3, 'wind_speed': 0.8}
{'city': 'Bandung', 'timestamp': '2025-10-27T12:45', 'temperature': 23.6, 'precipitation': 0.3, 'wind_speed': 0.8}
{'city': 'Bandung', 'timestamp': '2025-10-27T12:45', 'temperature': 23.6, 'precipitation': 0.3, 'wind_speed': 0.8}
{'city': 'Bandung', 'timestamp': '2025-10-27T12:45', 'temperature': 23.6, 'precipitation': 0.3, 'wind_speed': 0.8}
{'city': 'Bandung', 'timestamp': '2025-10-27T12:45', 'temperature': 23.6, 'precipitation': 0.3, 'wind_speed': 0.8}
{'city': 'Bandung', 'timestamp': '2025-10-27T12:45', 'temperature': 23.6, 'precipitation': 0.3, 'wind_speed': 0.8}
{'city': 'Bandung', 'timestamp': '2025-10-27T12:45', 'temperature': 23.6, 'precipitation': 0.3, 'wind_speed': 0.8}
{'city': 'Bandung', 'timestamp': '2025-10-27T12:45', 'temperature': 23.6, 'precipitation': 0.3, 'wind_speed': 0.8}
{'city': 'Bandung', 'timestamp': '2025-10-27T12:45', 'temperature': 23.6, 'precipitation': 0.3, 'wind_speed': 0.8}
{'city': 'Bandung', 'timestamp': '2025-10-27T12:45', 'temperature': 23.6, 'precipitation': 0.3, 'wind_speed': 0.8}
{'city': 'Bandung', 'timestamp': '2025-10-27T12:45', 'temperature': 23.6, 'precipitation': 0.3, 'wind_speed': 0.8}
{'city': 'Bandung', 'timestamp': '2025-10-27T12:45', 'temperature': 23.6, 'precipitation': 0.3, 'wind_speed': 0.8}
{'city': 'Bandung', 'timestamp': '2025-10-27T12:45', 'temperature': 23.6, 'precipitation': 0.3, 'wind_speed': 0.8}
{'city': 'Bandung', 'timestamp': '2025-10-27T13:00', 'temperature': 23.5, 'precipitation': 0.2, 'wind_speed': 1.1}
{'city': 'Bandung', 'timestamp': '2025-10-27T13:00', 'temperature': 23.5, 'precipitation': 0.2, 'wind_speed': 1.1}
{'city': 'Bandung', 'timestamp': '2025-10-27T13:00', 'temperature': 23.5, 'precipitation': 0.2, 'wind_speed': 1.1}
{'city': 'Bandung', 'timestamp': '2025-10-27T13:00', 'temperature': 23.5, 'precipitation': 0.2, 'wind_speed': 1.1}
{'city': 'Bandung', 'timestamp': '2025-10-27T13:00', 'temperature': 23.5, 'precipitation': 0.2, 'wind_speed': 1.1}
{'city': 'Bandung', 'timestamp': '2025-10-27T13:00', 'temperature': 23.5, 'precipitation': 0.2, 'wind_speed': 1.1}
{'city': 'Bandung', 'timestamp': '2025-10-27T13:00', 'temperature': 23.5, 'precipitation': 0.2, 'wind_speed': 1.1}
{'city': 'Bandung', 'timestamp': '2025-10-27T13:00', 'temperature': 23.5, 'precipitation': 0.2, 'wind_speed': 1.1}
{'city': 'Bandung', 'timestamp': '2025-10-27T13:00', 'temperature': 23.5, 'precipitation': 0.2, 'wind_speed': 1.1}
{'city': 'Bandung', 'timestamp': '2025-10-27T13:00', 'temperature': 23.5, 'precipitation': 0.2, 'wind_speed': 1.1}
{'city': 'Bandung', 'timestamp': '2025-10-27T13:00', 'temperature': 23.5, 'precipitation': 0.2, 'wind_speed': 1.1}
{'city': 'Bandung', 'timestamp': '2025-10-27T13:00', 'temperature': 23.5, 'precipitation': 0.2, 'wind_speed': 1.1}
{'city': 'Bandung', 'timestamp': '2025-10-27T13:00', 'temperature': 23.5, 'precipitation': 0.2, 'wind_speed': 1.1}
{'city': 'Bandung', 'timestamp': '2025-10-27T13:00', 'temperature': 23.5, 'precipitation': 0.2, 'wind_speed': 1.1}
{'city': 'Bandung', 'timestamp': '2025-10-27T13:00', 'temperature': 23.5, 'precipitation': 0.2, 'wind_speed': 1.1}
{'city': 'Bandung', 'timestamp': '2025-10-27T13:15', 'temperature': 23.5, 'precipitation': 0.2, 'wind_speed': 0.8}
{'city': 'Bandung', 'timestamp': '2025-10-27T13:15', 'temperature': 23.5, 'precipitation': 0.2, 'wind_speed': 0.8}
{'city': 'Bandung', 'timestamp': '2025-10-27T13:15', 'temperature': 23.5, 'precipitation': 0.2, 'wind_speed': 0.8}
{'city': 'Bandung', 'timestamp': '2025-10-27T13:15', 'temperature': 23.5, 'precipitation': 0.2, 'wind_speed': 0.8}
{'city': 'Bandung', 'timestamp': '2025-10-27T13:15', 'temperature': 23.5, 'precipitation': 0.2, 'wind_speed': 0.8}
{'city': 'Bandung', 'timestamp': '2025-10-27T13:15', 'temperature': 23.5, 'precipitation': 0.2, 'wind_speed': 0.8}
{'city': 'Bandung', 'timestamp': '2025-10-27T13:15', 'temperature': 23.5, 'precipitation': 0.2, 'wind_speed': 0.8}
{'city': 'Bandung', 'timestamp': '2025-10-27T13:15', 'temperature': 23.5, 'precipitation': 0.2, 'wind_speed': 0.8}
{'city': 'Bandung', 'timestamp': '2025-10-27T13:15', 'temperature': 23.5, 'precipitation': 0.2, 'wind_speed': 0.8}
{'city': 'Bandung', 'timestamp': '2025-10-27T13:15', 'temperature': 23.5, 'precipitation': 0.2, 'wind_speed': 0.8}
{'city': 'Bandung', 'timestamp': '2025-10-27T13:15', 'temperature': 23.5, 'precipitation': 0.2, 'wind_speed': 0.8}
{'city': 'Bandung', 'timestamp': '2025-10-27T13:15', 'temperature': 23.5, 'precipitation': 0.2, 'wind_speed': 0.8}
{'city': 'Bandung', 'timestamp': '2025-10-27T13:15', 'temperature': 23.5, 'precipitation': 0.2, 'wind_speed': 0.8}
{'city': 'Bandung', 'timestamp': '2025-10-27T13:15', 'temperature': 23.5, 'precipitation': 0.2, 'wind_speed': 0.8}
{'city': 'Bandung', 'timestamp': '2025-10-27T13:15', 'temperature': 23.5, 'precipitation': 0.2, 'wind_speed': 0.8}
{'city': 'Bandung', 'timestamp': '2025-10-27T13:30', 'temperature': 23.5, 'precipitation': 0.2, 'wind_speed': 0.7}
{'city': 'Bandung', 'timestamp': '2025-10-27T13:30', 'temperature': 23.5, 'precipitation': 0.2, 'wind_speed': 0.7}
{'city': 'Bandung', 'timestamp': '2025-10-27T13:30', 'temperature': 23.5, 'precipitation': 0.2, 'wind_speed': 0.7}
{'city': 'Bandung', 'timestamp': '2025-10-27T13:30', 'temperature': 23.5, 'precipitation': 0.2, 'wind_speed': 0.7}
{'city': 'Bandung', 'timestamp': '2025-10-27T13:30', 'temperature': 23.5, 'precipitation': 0.2, 'wind_speed': 0.7}
{'city': 'Bandung', 'timestamp': '2025-10-27T13:30', 'temperature': 23.5, 'precipitation': 0.2, 'wind_speed': 0.7}
{'city': 'Bandung', 'timestamp': '2025-10-27T13:30', 'temperature': 23.5, 'precipitation': 0.2, 'wind_speed': 0.7}
{'city': 'Bandung', 'timestamp': '2025-10-27T13:30', 'temperature': 23.5, 'precipitation': 0.2, 'wind_speed': 0.7}
{'city': 'Bandung', 'timestamp': '2025-10-27T13:30', 'temperature': 23.5, 'precipitation': 0.2, 'wind_speed': 0.7}
{'city': 'Bandung', 'timestamp': '2025-10-27T13:30', 'temperature': 23.5, 'precipitation': 0.2, 'wind_speed': 0.7}
{'city': 'Bandung', 'timestamp': '2025-10-27T13:30', 'temperature': 23.5, 'precipitation': 0.2, 'wind_speed': 0.7}
{'city': 'Bandung', 'timestamp': '2025-10-27T13:30', 'temperature': 23.5, 'precipitation': 0.2, 'wind_speed': 0.7}
{'city': 'Bandung', 'timestamp': '2025-10-27T13:30', 'temperature': 23.5, 'precipitation': 0.2, 'wind_speed': 0.7}
{'city': 'Bandung', 'timestamp': '2025-10-27T13:30', 'temperature': 23.5, 'precipitation': 0.2, 'wind_speed': 0.7}
{'city': 'Bandung', 'timestamp': '2025-10-27T13:45', 'temperature': 23.5, 'precipitation': 0.2, 'wind_speed': 1.3}
{'city': 'Bandung', 'timestamp': '2025-10-27T13:45', 'temperature': 23.5, 'precipitation': 0.2, 'wind_speed': 1.3}
{'city': 'Bandung', 'timestamp': '2025-10-27T13:45', 'temperature': 23.5, 'precipitation': 0.2, 'wind_speed': 1.3}
{'city': 'Bandung', 'timestamp': '2025-10-27T13:45', 'temperature': 23.5, 'precipitation': 0.2, 'wind_speed': 1.3}
{'city': 'Bandung', 'timestamp': '2025-10-27T13:45', 'temperature': 23.5, 'precipitation': 0.2, 'wind_speed': 1.3}
{'city': 'Bandung', 'timestamp': '2025-10-27T13:45', 'temperature': 23.5, 'precipitation': 0.2, 'wind_speed': 1.3}
{'city': 'Bandung', 'timestamp': '2025-10-27T13:45', 'temperature': 23.5, 'precipitation': 0.2, 'wind_speed': 1.3}
{'city': 'Bandung', 'timestamp': '2025-10-27T13:45', 'temperature': 23.5, 'precipitation': 0.2, 'wind_speed': 1.3}
Traceback (most recent call last):
  File "/home/sanju3291/.cache/pypoetry/virtualenvs/mini-etl-env-C3uzeoFv-py3.12/lib/python3.12/site-packages/urllib3/connectionpool.py", line 464, in _make_request
    self._validate_conn(conn)
  File "/home/sanju3291/.cache/pypoetry/virtualenvs/mini-etl-env-C3uzeoFv-py3.12/lib/python3.12/site-packages/urllib3/connectionpool.py", line 1093, in _validate_conn
    conn.connect()
  File "/home/sanju3291/.cache/pypoetry/virtualenvs/mini-etl-env-C3uzeoFv-py3.12/lib/python3.12/site-packages/urllib3/connection.py", line 790, in connect
    sock_and_verified = _ssl_wrap_socket_and_match_hostname(
                        ^^^^^^^^^^^^^^^^^^^^^^^^^^^^^^^^^^^^
  File "/home/sanju3291/.cache/pypoetry/virtualenvs/mini-etl-env-C3uzeoFv-py3.12/lib/python3.12/site-packages/urllib3/connection.py", line 969, in _ssl_wrap_socket_and_match_hostname
    ssl_sock = ssl_wrap_socket(
               ^^^^^^^^^^^^^^^^
  File "/home/sanju3291/.cache/pypoetry/virtualenvs/mini-etl-env-C3uzeoFv-py3.12/lib/python3.12/site-packages/urllib3/util/ssl_.py", line 480, in ssl_wrap_socket
    ssl_sock = _ssl_wrap_socket_impl(sock, context, tls_in_tls, server_hostname)
               ^^^^^^^^^^^^^^^^^^^^^^^^^^^^^^^^^^^^^^^^^^^^^^^^^^^^^^^^^^^^^^^^^
  File "/home/sanju3291/.cache/pypoetry/virtualenvs/mini-etl-env-C3uzeoFv-py3.12/lib/python3.12/site-packages/urllib3/util/ssl_.py", line 524, in _ssl_wrap_socket_impl
    return ssl_context.wrap_socket(sock, server_hostname=server_hostname)
           ^^^^^^^^^^^^^^^^^^^^^^^^^^^^^^^^^^^^^^^^^^^^^^^^^^^^^^^^^^^^^^
  File "/usr/lib/python3.12/ssl.py", line 455, in wrap_socket
    return self.sslsocket_class._create(
           ^^^^^^^^^^^^^^^^^^^^^^^^^^^^^
  File "/usr/lib/python3.12/ssl.py", line 1042, in _create
    self.do_handshake()
  File "/usr/lib/python3.12/ssl.py", line 1320, in do_handshake
    self._sslobj.do_handshake()
TimeoutError: [Errno 110] Connection timed out

The above exception was the direct cause of the following exception:

Traceback (most recent call last):
  File "/home/sanju3291/.cache/pypoetry/virtualenvs/mini-etl-env-C3uzeoFv-py3.12/lib/python3.12/site-packages/requests/adapters.py", line 644, in send
    resp = conn.urlopen(
           ^^^^^^^^^^^^^
  File "/home/sanju3291/.cache/pypoetry/virtualenvs/mini-etl-env-C3uzeoFv-py3.12/lib/python3.12/site-packages/urllib3/connectionpool.py", line 841, in urlopen
    retries = retries.increment(
              ^^^^^^^^^^^^^^^^^^
  File "/home/sanju3291/.cache/pypoetry/virtualenvs/mini-etl-env-C3uzeoFv-py3.12/lib/python3.12/site-packages/urllib3/util/retry.py", line 474, in increment
    raise reraise(type(error), error, _stacktrace)
          ^^^^^^^^^^^^^^^^^^^^^^^^^^^^^^^^^^^^^^^^
  File "/home/sanju3291/.cache/pypoetry/virtualenvs/mini-etl-env-C3uzeoFv-py3.12/lib/python3.12/site-packages/urllib3/util/util.py", line 39, in reraise
    raise value
  File "/home/sanju3291/.cache/pypoetry/virtualenvs/mini-etl-env-C3uzeoFv-py3.12/lib/python3.12/site-packages/urllib3/connectionpool.py", line 787, in urlopen
    response = self._make_request(
               ^^^^^^^^^^^^^^^^^^^
  File "/home/sanju3291/.cache/pypoetry/virtualenvs/mini-etl-env-C3uzeoFv-py3.12/lib/python3.12/site-packages/urllib3/connectionpool.py", line 488, in _make_request
    raise new_e
  File "/home/sanju3291/.cache/pypoetry/virtualenvs/mini-etl-env-C3uzeoFv-py3.12/lib/python3.12/site-packages/urllib3/connectionpool.py", line 466, in _make_request
    self._raise_timeout(err=e, url=url, timeout_value=conn.timeout)
  File "/home/sanju3291/.cache/pypoetry/virtualenvs/mini-etl-env-C3uzeoFv-py3.12/lib/python3.12/site-packages/urllib3/connectionpool.py", line 367, in _raise_timeout
    raise ReadTimeoutError(
urllib3.exceptions.ReadTimeoutError: HTTPSConnectionPool(host='api.open-meteo.com', port=443): Read timed out. (read timeout=None)

During handling of the above exception, another exception occurred:

Traceback (most recent call last):
  File "/home/sanju3291/phase2-project/src/main.py", line 33, in <module>
    raw = extract(source,params)
          ^^^^^^^^^^^^^^^^^^^^^^
  File "/home/sanju3291/phase2-project/src/extract.py", line 8, in extract
    response = requests.get(url)
               ^^^^^^^^^^^^^^^^^
  File "/home/sanju3291/.cache/pypoetry/virtualenvs/mini-etl-env-C3uzeoFv-py3.12/lib/python3.12/site-packages/requests/api.py", line 73, in get
    return request("get", url, params=params, **kwargs)
           ^^^^^^^^^^^^^^^^^^^^^^^^^^^^^^^^^^^^^^^^^^^^
  File "/home/sanju3291/.cache/pypoetry/virtualenvs/mini-etl-env-C3uzeoFv-py3.12/lib/python3.12/site-packages/requests/api.py", line 59, in request
    return session.request(method=method, url=url, **kwargs)
           ^^^^^^^^^^^^^^^^^^^^^^^^^^^^^^^^^^^^^^^^^^^^^^^^^
  File "/home/sanju3291/.cache/pypoetry/virtualenvs/mini-etl-env-C3uzeoFv-py3.12/lib/python3.12/site-packages/requests/sessions.py", line 589, in request
    resp = self.send(prep, **send_kwargs)
           ^^^^^^^^^^^^^^^^^^^^^^^^^^^^^^
  File "/home/sanju3291/.cache/pypoetry/virtualenvs/mini-etl-env-C3uzeoFv-py3.12/lib/python3.12/site-packages/requests/sessions.py", line 703, in send
    r = adapter.send(request, **kwargs)
        ^^^^^^^^^^^^^^^^^^^^^^^^^^^^^^^
  File "/home/sanju3291/.cache/pypoetry/virtualenvs/mini-etl-env-C3uzeoFv-py3.12/lib/python3.12/site-packages/requests/adapters.py", line 690, in send
    raise ReadTimeout(e, request=request)
requests.exceptions.ReadTimeout: HTTPSConnectionPool(host='api.open-meteo.com', port=443): Read timed out. (read timeout=None)

During handling of the above exception, another exception occurred:

Traceback (most recent call last):
  File "/home/sanju3291/phase2-project/src/main.py", line 37, in <module>
    logging.error(f"Pipeline failed: {e}")
    ^^^^^^^^^^^^^
AttributeError: 'NoneType' object has no attribute 'error'
{'city': 'Bandung', 'timestamp': '2025-10-27T13:45', 'temperature': 23.5, 'precipitation': 0.2, 'wind_speed': 1.3}
{'city': 'Bandung', 'timestamp': '2025-10-27T13:45', 'temperature': 23.5, 'precipitation': 0.2, 'wind_speed': 1.3}
{'city': 'Bandung', 'timestamp': '2025-10-27T13:45', 'temperature': 23.5, 'precipitation': 0.2, 'wind_speed': 1.3}
{'city': 'Bandung', 'timestamp': '2025-10-27T13:45', 'temperature': 23.5, 'precipitation': 0.2, 'wind_speed': 1.3}
{'city': 'Bandung', 'timestamp': '2025-10-27T13:45', 'temperature': 23.5, 'precipitation': 0.2, 'wind_speed': 1.3}
{'city': 'Bandung', 'timestamp': '2025-10-27T13:45', 'temperature': 23.5, 'precipitation': 0.2, 'wind_speed': 1.3}
{'city': 'Bandung', 'timestamp': '2025-10-27T13:45', 'temperature': 23.5, 'precipitation': 0.2, 'wind_speed': 1.3}
{'city': 'Bandung', 'timestamp': '2025-10-27T14:00', 'temperature': 23.5, 'precipitation': 0.0, 'wind_speed': 2.0}
{'city': 'Bandung', 'timestamp': '2025-10-27T14:00', 'temperature': 23.5, 'precipitation': 0.0, 'wind_speed': 2.0}
{'city': 'Bandung', 'timestamp': '2025-10-27T14:00', 'temperature': 23.5, 'precipitation': 0.0, 'wind_speed': 2.0}
{'city': 'Bandung', 'timestamp': '2025-10-27T14:00', 'temperature': 23.5, 'precipitation': 0.0, 'wind_speed': 2.0}
{'city': 'Bandung', 'timestamp': '2025-10-27T14:00', 'temperature': 23.5, 'precipitation': 0.0, 'wind_speed': 2.0}
{'city': 'Bandung', 'timestamp': '2025-10-27T14:00', 'temperature': 23.5, 'precipitation': 0.0, 'wind_speed': 2.0}
{'city': 'Bandung', 'timestamp': '2025-10-27T14:00', 'temperature': 23.5, 'precipitation': 0.0, 'wind_speed': 2.0}
{'city': 'Bandung', 'timestamp': '2025-10-27T14:00', 'temperature': 23.5, 'precipitation': 0.0, 'wind_speed': 2.0}
{'city': 'Bandung', 'timestamp': '2025-10-27T14:00', 'temperature': 23.5, 'precipitation': 0.0, 'wind_speed': 2.0}
{'city': 'Bandung', 'timestamp': '2025-10-27T14:00', 'temperature': 23.5, 'precipitation': 0.0, 'wind_speed': 2.0}
{'city': 'Bandung', 'timestamp': '2025-10-27T14:00', 'temperature': 23.5, 'precipitation': 0.0, 'wind_speed': 2.0}
{'city': 'Bandung', 'timestamp': '2025-10-27T14:00', 'temperature': 23.5, 'precipitation': 0.0, 'wind_speed': 2.0}
{'city': 'Bandung', 'timestamp': '2025-10-27T14:00', 'temperature': 23.5, 'precipitation': 0.0, 'wind_speed': 2.0}
{'city': 'Bandung', 'timestamp': '2025-10-27T14:00', 'temperature': 23.5, 'precipitation': 0.0, 'wind_speed': 2.0}
{'city': 'Bandung', 'timestamp': '2025-10-27T14:00', 'temperature': 23.5, 'precipitation': 0.0, 'wind_speed': 2.0}
{'city': 'Bandung', 'timestamp': '2025-10-27T14:15', 'temperature': 23.5, 'precipitation': 0.0, 'wind_speed': 2.0}
{'city': 'Bandung', 'timestamp': '2025-10-27T14:15', 'temperature': 23.5, 'precipitation': 0.0, 'wind_speed': 2.0}
{'city': 'Bandung', 'timestamp': '2025-10-27T14:15', 'temperature': 23.5, 'precipitation': 0.0, 'wind_speed': 2.0}
{'city': 'Bandung', 'timestamp': '2025-10-27T14:15', 'temperature': 23.5, 'precipitation': 0.0, 'wind_speed': 2.0}
{'city': 'Bandung', 'timestamp': '2025-10-27T14:15', 'temperature': 23.5, 'precipitation': 0.0, 'wind_speed': 2.0}
{'city': 'Bandung', 'timestamp': '2025-10-27T14:15', 'temperature': 23.5, 'precipitation': 0.0, 'wind_speed': 2.0}
{'city': 'Bandung', 'timestamp': '2025-10-27T14:15', 'temperature': 23.5, 'precipitation': 0.0, 'wind_speed': 2.0}
{'city': 'Bandung', 'timestamp': '2025-10-27T14:15', 'temperature': 23.5, 'precipitation': 0.0, 'wind_speed': 2.0}
{'city': 'Bandung', 'timestamp': '2025-10-27T14:15', 'temperature': 23.5, 'precipitation': 0.0, 'wind_speed': 2.0}
{'city': 'Bandung', 'timestamp': '2025-10-27T14:15', 'temperature': 23.5, 'precipitation': 0.0, 'wind_speed': 2.0}
{'city': 'Bandung', 'timestamp': '2025-10-27T14:15', 'temperature': 23.5, 'precipitation': 0.0, 'wind_speed': 2.0}
{'city': 'Bandung', 'timestamp': '2025-10-27T14:15', 'temperature': 23.5, 'precipitation': 0.0, 'wind_speed': 2.0}
{'city': 'Bandung', 'timestamp': '2025-10-27T14:15', 'temperature': 23.5, 'precipitation': 0.0, 'wind_speed': 2.0}
{'city': 'Bandung', 'timestamp': '2025-10-27T14:15', 'temperature': 23.5, 'precipitation': 0.0, 'wind_speed': 2.0}
{'city': 'Bandung', 'timestamp': '2025-10-27T14:15', 'temperature': 23.5, 'precipitation': 0.0, 'wind_speed': 2.0}
{'city': 'Bandung', 'timestamp': '2025-10-27T14:30', 'temperature': 23.5, 'precipitation': 0.0, 'wind_speed': 2.1}
{'city': 'Bandung', 'timestamp': '2025-10-27T14:30', 'temperature': 23.5, 'precipitation': 0.0, 'wind_speed': 2.1}
{'city': 'Bandung', 'timestamp': '2025-10-27T14:30', 'temperature': 23.5, 'precipitation': 0.0, 'wind_speed': 2.1}
{'city': 'Bandung', 'timestamp': '2025-10-27T14:30', 'temperature': 23.5, 'precipitation': 0.0, 'wind_speed': 2.1}
{'city': 'Bandung', 'timestamp': '2025-10-27T14:30', 'temperature': 23.5, 'precipitation': 0.0, 'wind_speed': 2.1}
{'city': 'Bandung', 'timestamp': '2025-10-27T14:30', 'temperature': 23.5, 'precipitation': 0.0, 'wind_speed': 2.1}
{'city': 'Bandung', 'timestamp': '2025-10-27T14:30', 'temperature': 23.5, 'precipitation': 0.0, 'wind_speed': 2.1}
{'city': 'Bandung', 'timestamp': '2025-10-27T14:30', 'temperature': 23.5, 'precipitation': 0.0, 'wind_speed': 2.1}
{'city': 'Bandung', 'timestamp': '2025-10-27T14:30', 'temperature': 23.5, 'precipitation': 0.0, 'wind_speed': 2.1}
{'city': 'Bandung', 'timestamp': '2025-10-27T14:30', 'temperature': 23.5, 'precipitation': 0.0, 'wind_speed': 2.1}
{'city': 'Bandung', 'timestamp': '2025-10-27T14:30', 'temperature': 23.5, 'precipitation': 0.0, 'wind_speed': 2.1}
{'city': 'Bandung', 'timestamp': '2025-10-27T14:30', 'temperature': 23.5, 'precipitation': 0.0, 'wind_speed': 2.1}
{'city': 'Bandung', 'timestamp': '2025-10-27T14:30', 'temperature': 23.5, 'precipitation': 0.0, 'wind_speed': 2.1}
{'city': 'Bandung', 'timestamp': '2025-10-27T14:30', 'temperature': 23.5, 'precipitation': 0.0, 'wind_speed': 2.1}
{'city': 'Bandung', 'timestamp': '2025-10-27T14:45', 'temperature': 23.4, 'precipitation': 0.0, 'wind_speed': 2.1}
{'city': 'Bandung', 'timestamp': '2025-10-27T14:45', 'temperature': 23.4, 'precipitation': 0.0, 'wind_speed': 2.1}
{'city': 'Bandung', 'timestamp': '2025-10-27T14:45', 'temperature': 23.4, 'precipitation': 0.0, 'wind_speed': 2.1}
{'city': 'Bandung', 'timestamp': '2025-10-27T14:45', 'temperature': 23.4, 'precipitation': 0.0, 'wind_speed': 2.1}
{'city': 'Bandung', 'timestamp': '2025-10-27T14:45', 'temperature': 23.4, 'precipitation': 0.0, 'wind_speed': 2.1}
{'city': 'Bandung', 'timestamp': '2025-10-27T14:45', 'temperature': 23.4, 'precipitation': 0.0, 'wind_speed': 2.1}
{'city': 'Bandung', 'timestamp': '2025-10-27T14:45', 'temperature': 23.4, 'precipitation': 0.0, 'wind_speed': 2.1}
{'city': 'Bandung', 'timestamp': '2025-10-27T14:45', 'temperature': 23.4, 'precipitation': 0.0, 'wind_speed': 2.1}
{'city': 'Bandung', 'timestamp': '2025-10-27T14:45', 'temperature': 23.4, 'precipitation': 0.0, 'wind_speed': 2.1}
{'city': 'Bandung', 'timestamp': '2025-10-27T14:45', 'temperature': 23.4, 'precipitation': 0.0, 'wind_speed': 2.1}
{'city': 'Bandung', 'timestamp': '2025-10-27T14:45', 'temperature': 23.4, 'precipitation': 0.0, 'wind_speed': 2.1}
{'city': 'Bandung', 'timestamp': '2025-10-27T14:45', 'temperature': 23.4, 'precipitation': 0.0, 'wind_speed': 2.1}
Traceback (most recent call last):
  File "/home/sanju3291/.cache/pypoetry/virtualenvs/mini-etl-env-C3uzeoFv-py3.12/lib/python3.12/site-packages/urllib3/connectionpool.py", line 464, in _make_request
    self._validate_conn(conn)
  File "/home/sanju3291/.cache/pypoetry/virtualenvs/mini-etl-env-C3uzeoFv-py3.12/lib/python3.12/site-packages/urllib3/connectionpool.py", line 1093, in _validate_conn
    conn.connect()
  File "/home/sanju3291/.cache/pypoetry/virtualenvs/mini-etl-env-C3uzeoFv-py3.12/lib/python3.12/site-packages/urllib3/connection.py", line 790, in connect
    sock_and_verified = _ssl_wrap_socket_and_match_hostname(
                        ^^^^^^^^^^^^^^^^^^^^^^^^^^^^^^^^^^^^
  File "/home/sanju3291/.cache/pypoetry/virtualenvs/mini-etl-env-C3uzeoFv-py3.12/lib/python3.12/site-packages/urllib3/connection.py", line 969, in _ssl_wrap_socket_and_match_hostname
    ssl_sock = ssl_wrap_socket(
               ^^^^^^^^^^^^^^^^
  File "/home/sanju3291/.cache/pypoetry/virtualenvs/mini-etl-env-C3uzeoFv-py3.12/lib/python3.12/site-packages/urllib3/util/ssl_.py", line 480, in ssl_wrap_socket
    ssl_sock = _ssl_wrap_socket_impl(sock, context, tls_in_tls, server_hostname)
               ^^^^^^^^^^^^^^^^^^^^^^^^^^^^^^^^^^^^^^^^^^^^^^^^^^^^^^^^^^^^^^^^^
  File "/home/sanju3291/.cache/pypoetry/virtualenvs/mini-etl-env-C3uzeoFv-py3.12/lib/python3.12/site-packages/urllib3/util/ssl_.py", line 524, in _ssl_wrap_socket_impl
    return ssl_context.wrap_socket(sock, server_hostname=server_hostname)
           ^^^^^^^^^^^^^^^^^^^^^^^^^^^^^^^^^^^^^^^^^^^^^^^^^^^^^^^^^^^^^^
  File "/usr/lib/python3.12/ssl.py", line 455, in wrap_socket
    return self.sslsocket_class._create(
           ^^^^^^^^^^^^^^^^^^^^^^^^^^^^^
  File "/usr/lib/python3.12/ssl.py", line 1042, in _create
    self.do_handshake()
  File "/usr/lib/python3.12/ssl.py", line 1320, in do_handshake
    self._sslobj.do_handshake()
TimeoutError: [Errno 110] Connection timed out

The above exception was the direct cause of the following exception:

Traceback (most recent call last):
  File "/home/sanju3291/.cache/pypoetry/virtualenvs/mini-etl-env-C3uzeoFv-py3.12/lib/python3.12/site-packages/requests/adapters.py", line 644, in send
    resp = conn.urlopen(
           ^^^^^^^^^^^^^
  File "/home/sanju3291/.cache/pypoetry/virtualenvs/mini-etl-env-C3uzeoFv-py3.12/lib/python3.12/site-packages/urllib3/connectionpool.py", line 841, in urlopen
    retries = retries.increment(
              ^^^^^^^^^^^^^^^^^^
  File "/home/sanju3291/.cache/pypoetry/virtualenvs/mini-etl-env-C3uzeoFv-py3.12/lib/python3.12/site-packages/urllib3/util/retry.py", line 474, in increment
    raise reraise(type(error), error, _stacktrace)
          ^^^^^^^^^^^^^^^^^^^^^^^^^^^^^^^^^^^^^^^^
  File "/home/sanju3291/.cache/pypoetry/virtualenvs/mini-etl-env-C3uzeoFv-py3.12/lib/python3.12/site-packages/urllib3/util/util.py", line 39, in reraise
    raise value
  File "/home/sanju3291/.cache/pypoetry/virtualenvs/mini-etl-env-C3uzeoFv-py3.12/lib/python3.12/site-packages/urllib3/connectionpool.py", line 787, in urlopen
    response = self._make_request(
               ^^^^^^^^^^^^^^^^^^^
  File "/home/sanju3291/.cache/pypoetry/virtualenvs/mini-etl-env-C3uzeoFv-py3.12/lib/python3.12/site-packages/urllib3/connectionpool.py", line 488, in _make_request
    raise new_e
  File "/home/sanju3291/.cache/pypoetry/virtualenvs/mini-etl-env-C3uzeoFv-py3.12/lib/python3.12/site-packages/urllib3/connectionpool.py", line 466, in _make_request
    self._raise_timeout(err=e, url=url, timeout_value=conn.timeout)
  File "/home/sanju3291/.cache/pypoetry/virtualenvs/mini-etl-env-C3uzeoFv-py3.12/lib/python3.12/site-packages/urllib3/connectionpool.py", line 367, in _raise_timeout
    raise ReadTimeoutError(
urllib3.exceptions.ReadTimeoutError: HTTPSConnectionPool(host='api.open-meteo.com', port=443): Read timed out. (read timeout=None)

During handling of the above exception, another exception occurred:

Traceback (most recent call last):
  File "/home/sanju3291/phase2-project/src/main.py", line 33, in <module>
    raw = extract(source,params)
          ^^^^^^^^^^^^^^^^^^^^^^
  File "/home/sanju3291/phase2-project/src/extract.py", line 8, in extract
    response = requests.get(url)
               ^^^^^^^^^^^^^^^^^
  File "/home/sanju3291/.cache/pypoetry/virtualenvs/mini-etl-env-C3uzeoFv-py3.12/lib/python3.12/site-packages/requests/api.py", line 73, in get
    return request("get", url, params=params, **kwargs)
           ^^^^^^^^^^^^^^^^^^^^^^^^^^^^^^^^^^^^^^^^^^^^
  File "/home/sanju3291/.cache/pypoetry/virtualenvs/mini-etl-env-C3uzeoFv-py3.12/lib/python3.12/site-packages/requests/api.py", line 59, in request
    return session.request(method=method, url=url, **kwargs)
           ^^^^^^^^^^^^^^^^^^^^^^^^^^^^^^^^^^^^^^^^^^^^^^^^^
  File "/home/sanju3291/.cache/pypoetry/virtualenvs/mini-etl-env-C3uzeoFv-py3.12/lib/python3.12/site-packages/requests/sessions.py", line 589, in request
    resp = self.send(prep, **send_kwargs)
           ^^^^^^^^^^^^^^^^^^^^^^^^^^^^^^
  File "/home/sanju3291/.cache/pypoetry/virtualenvs/mini-etl-env-C3uzeoFv-py3.12/lib/python3.12/site-packages/requests/sessions.py", line 703, in send
    r = adapter.send(request, **kwargs)
        ^^^^^^^^^^^^^^^^^^^^^^^^^^^^^^^
  File "/home/sanju3291/.cache/pypoetry/virtualenvs/mini-etl-env-C3uzeoFv-py3.12/lib/python3.12/site-packages/requests/adapters.py", line 690, in send
    raise ReadTimeout(e, request=request)
requests.exceptions.ReadTimeout: HTTPSConnectionPool(host='api.open-meteo.com', port=443): Read timed out. (read timeout=None)

During handling of the above exception, another exception occurred:

Traceback (most recent call last):
  File "/home/sanju3291/phase2-project/src/main.py", line 37, in <module>
    logging.error(f"Pipeline failed: {e}")
    ^^^^^^^^^^^^^
AttributeError: 'NoneType' object has no attribute 'error'
{'city': 'Bandung', 'timestamp': '2025-10-27T14:45', 'temperature': 23.4, 'precipitation': 0.0, 'wind_speed': 2.1}
{'city': 'Bandung', 'timestamp': '2025-10-27T14:45', 'temperature': 23.4, 'precipitation': 0.0, 'wind_speed': 2.1}
{'city': 'Bandung', 'timestamp': '2025-10-27T14:45', 'temperature': 23.4, 'precipitation': 0.0, 'wind_speed': 2.1}
{'city': 'Bandung', 'timestamp': '2025-10-27T15:00', 'temperature': 23.4, 'precipitation': 0.0, 'wind_speed': 1.9}
{'city': 'Bandung', 'timestamp': '2025-10-27T15:00', 'temperature': 23.4, 'precipitation': 0.0, 'wind_speed': 1.9}
{'city': 'Bandung', 'timestamp': '2025-10-27T15:00', 'temperature': 23.4, 'precipitation': 0.0, 'wind_speed': 1.9}
{'city': 'Bandung', 'timestamp': '2025-10-27T15:00', 'temperature': 23.4, 'precipitation': 0.0, 'wind_speed': 1.9}
{'city': 'Bandung', 'timestamp': '2025-10-27T15:00', 'temperature': 23.4, 'precipitation': 0.0, 'wind_speed': 1.9}
{'city': 'Bandung', 'timestamp': '2025-10-27T15:00', 'temperature': 23.4, 'precipitation': 0.0, 'wind_speed': 1.9}
{'city': 'Bandung', 'timestamp': '2025-10-27T15:00', 'temperature': 23.4, 'precipitation': 0.0, 'wind_speed': 1.9}
{'city': 'Bandung', 'timestamp': '2025-10-27T15:00', 'temperature': 23.4, 'precipitation': 0.0, 'wind_speed': 1.9}
{'city': 'Bandung', 'timestamp': '2025-10-27T15:00', 'temperature': 23.4, 'precipitation': 0.0, 'wind_speed': 1.9}
{'city': 'Bandung', 'timestamp': '2025-10-27T15:00', 'temperature': 23.4, 'precipitation': 0.0, 'wind_speed': 1.9}
{'city': 'Bandung', 'timestamp': '2025-10-27T15:00', 'temperature': 23.4, 'precipitation': 0.0, 'wind_speed': 1.9}
{'city': 'Bandung', 'timestamp': '2025-10-27T15:00', 'temperature': 23.4, 'precipitation': 0.0, 'wind_speed': 1.9}
{'city': 'Bandung', 'timestamp': '2025-10-27T15:00', 'temperature': 23.4, 'precipitation': 0.0, 'wind_speed': 1.9}
{'city': 'Bandung', 'timestamp': '2025-10-27T15:00', 'temperature': 23.4, 'precipitation': 0.0, 'wind_speed': 1.9}
{'city': 'Bandung', 'timestamp': '2025-10-27T15:00', 'temperature': 23.4, 'precipitation': 0.0, 'wind_speed': 1.9}
{'city': 'Bandung', 'timestamp': '2025-10-27T15:15', 'temperature': 23.3, 'precipitation': 0.0, 'wind_speed': 1.8}
{'city': 'Bandung', 'timestamp': '2025-10-27T15:15', 'temperature': 23.3, 'precipitation': 0.0, 'wind_speed': 1.8}
{'city': 'Bandung', 'timestamp': '2025-10-27T15:15', 'temperature': 23.3, 'precipitation': 0.0, 'wind_speed': 1.8}
{'city': 'Bandung', 'timestamp': '2025-10-27T15:15', 'temperature': 23.3, 'precipitation': 0.0, 'wind_speed': 1.8}
{'city': 'Bandung', 'timestamp': '2025-10-27T15:15', 'temperature': 23.3, 'precipitation': 0.0, 'wind_speed': 1.8}
{'city': 'Bandung', 'timestamp': '2025-10-27T15:15', 'temperature': 23.3, 'precipitation': 0.0, 'wind_speed': 1.8}
{'city': 'Bandung', 'timestamp': '2025-10-27T15:15', 'temperature': 23.3, 'precipitation': 0.0, 'wind_speed': 1.8}
{'city': 'Bandung', 'timestamp': '2025-10-27T15:15', 'temperature': 23.3, 'precipitation': 0.0, 'wind_speed': 1.8}
{'city': 'Bandung', 'timestamp': '2025-10-27T15:15', 'temperature': 23.3, 'precipitation': 0.0, 'wind_speed': 1.8}
{'city': 'Bandung', 'timestamp': '2025-10-27T15:15', 'temperature': 23.3, 'precipitation': 0.0, 'wind_speed': 1.8}
{'city': 'Bandung', 'timestamp': '2025-10-27T15:15', 'temperature': 23.3, 'precipitation': 0.0, 'wind_speed': 1.8}
{'city': 'Bandung', 'timestamp': '2025-10-27T15:15', 'temperature': 23.3, 'precipitation': 0.0, 'wind_speed': 1.8}
{'city': 'Bandung', 'timestamp': '2025-10-27T15:15', 'temperature': 23.3, 'precipitation': 0.0, 'wind_speed': 1.8}
{'city': 'Bandung', 'timestamp': '2025-10-27T15:15', 'temperature': 23.3, 'precipitation': 0.0, 'wind_speed': 1.8}
{'city': 'Bandung', 'timestamp': '2025-10-27T15:15', 'temperature': 23.3, 'precipitation': 0.0, 'wind_speed': 1.8}
{'city': 'Bandung', 'timestamp': '2025-10-27T15:30', 'temperature': 23.2, 'precipitation': 0.0, 'wind_speed': 1.8}
{'city': 'Bandung', 'timestamp': '2025-10-27T15:30', 'temperature': 23.2, 'precipitation': 0.0, 'wind_speed': 1.8}
{'city': 'Bandung', 'timestamp': '2025-10-27T15:30', 'temperature': 23.2, 'precipitation': 0.0, 'wind_speed': 1.8}
{'city': 'Bandung', 'timestamp': '2025-10-27T15:30', 'temperature': 23.2, 'precipitation': 0.0, 'wind_speed': 1.8}
{'city': 'Bandung', 'timestamp': '2025-10-27T15:30', 'temperature': 23.2, 'precipitation': 0.0, 'wind_speed': 1.8}
{'city': 'Bandung', 'timestamp': '2025-10-27T15:30', 'temperature': 23.2, 'precipitation': 0.0, 'wind_speed': 1.8}
{'city': 'Bandung', 'timestamp': '2025-10-27T15:30', 'temperature': 23.2, 'precipitation': 0.0, 'wind_speed': 1.8}
{'city': 'Bandung', 'timestamp': '2025-10-27T15:30', 'temperature': 23.2, 'precipitation': 0.0, 'wind_speed': 1.8}
{'city': 'Bandung', 'timestamp': '2025-10-27T15:30', 'temperature': 23.2, 'precipitation': 0.0, 'wind_speed': 1.8}
{'city': 'Bandung', 'timestamp': '2025-10-27T15:30', 'temperature': 23.2, 'precipitation': 0.0, 'wind_speed': 1.8}
{'city': 'Bandung', 'timestamp': '2025-10-27T15:30', 'temperature': 23.2, 'precipitation': 0.0, 'wind_speed': 1.8}
{'city': 'Bandung', 'timestamp': '2025-10-27T15:30', 'temperature': 23.2, 'precipitation': 0.0, 'wind_speed': 1.8}
{'city': 'Bandung', 'timestamp': '2025-10-27T15:30', 'temperature': 23.2, 'precipitation': 0.0, 'wind_speed': 1.8}
{'city': 'Bandung', 'timestamp': '2025-10-27T15:30', 'temperature': 23.2, 'precipitation': 0.0, 'wind_speed': 1.8}
{'city': 'Bandung', 'timestamp': '2025-10-27T15:30', 'temperature': 23.2, 'precipitation': 0.0, 'wind_speed': 1.8}
{'city': 'Bandung', 'timestamp': '2025-10-27T15:45', 'temperature': 23.2, 'precipitation': 0.0, 'wind_speed': 1.8}
{'city': 'Bandung', 'timestamp': '2025-10-27T15:45', 'temperature': 23.2, 'precipitation': 0.0, 'wind_speed': 1.8}
{'city': 'Bandung', 'timestamp': '2025-10-27T15:45', 'temperature': 23.2, 'precipitation': 0.0, 'wind_speed': 1.8}
{'city': 'Bandung', 'timestamp': '2025-10-27T15:45', 'temperature': 23.2, 'precipitation': 0.0, 'wind_speed': 1.8}
{'city': 'Bandung', 'timestamp': '2025-10-27T15:45', 'temperature': 23.2, 'precipitation': 0.0, 'wind_speed': 1.8}
{'city': 'Bandung', 'timestamp': '2025-10-27T15:45', 'temperature': 23.2, 'precipitation': 0.0, 'wind_speed': 1.8}
{'city': 'Bandung', 'timestamp': '2025-10-27T15:45', 'temperature': 23.2, 'precipitation': 0.0, 'wind_speed': 1.8}
{'city': 'Bandung', 'timestamp': '2025-10-27T15:45', 'temperature': 23.2, 'precipitation': 0.0, 'wind_speed': 1.8}
{'city': 'Bandung', 'timestamp': '2025-10-27T15:45', 'temperature': 23.2, 'precipitation': 0.0, 'wind_speed': 1.8}
{'city': 'Bandung', 'timestamp': '2025-10-27T15:45', 'temperature': 23.2, 'precipitation': 0.0, 'wind_speed': 1.8}
{'city': 'Bandung', 'timestamp': '2025-10-27T15:45', 'temperature': 23.2, 'precipitation': 0.0, 'wind_speed': 1.8}
{'city': 'Bandung', 'timestamp': '2025-10-27T15:45', 'temperature': 23.2, 'precipitation': 0.0, 'wind_speed': 1.8}
{'city': 'Bandung', 'timestamp': '2025-10-27T15:45', 'temperature': 23.2, 'precipitation': 0.0, 'wind_speed': 1.8}
{'city': 'Bandung', 'timestamp': '2025-10-27T15:45', 'temperature': 23.2, 'precipitation': 0.0, 'wind_speed': 1.8}
{'city': 'Bandung', 'timestamp': '2025-10-27T15:45', 'temperature': 23.2, 'precipitation': 0.0, 'wind_speed': 1.8}
{'city': 'Bandung', 'timestamp': '2025-10-27T16:00', 'temperature': 23.2, 'precipitation': 0.0, 'wind_speed': 1.8}
{'city': 'Bandung', 'timestamp': '2025-10-27T16:00', 'temperature': 23.2, 'precipitation': 0.0, 'wind_speed': 1.8}
{'city': 'Bandung', 'timestamp': '2025-10-27T16:00', 'temperature': 23.2, 'precipitation': 0.0, 'wind_speed': 1.8}
{'city': 'Bandung', 'timestamp': '2025-10-27T16:00', 'temperature': 23.2, 'precipitation': 0.0, 'wind_speed': 1.8}
{'city': 'Bandung', 'timestamp': '2025-10-27T16:00', 'temperature': 23.2, 'precipitation': 0.0, 'wind_speed': 1.8}
{'city': 'Bandung', 'timestamp': '2025-10-27T16:00', 'temperature': 23.2, 'precipitation': 0.0, 'wind_speed': 1.8}
{'city': 'Bandung', 'timestamp': '2025-10-27T16:00', 'temperature': 23.2, 'precipitation': 0.0, 'wind_speed': 1.8}
{'city': 'Bandung', 'timestamp': '2025-10-27T16:00', 'temperature': 23.2, 'precipitation': 0.0, 'wind_speed': 1.8}
{'city': 'Bandung', 'timestamp': '2025-10-27T16:00', 'temperature': 23.2, 'precipitation': 0.0, 'wind_speed': 1.8}
{'city': 'Bandung', 'timestamp': '2025-10-27T16:00', 'temperature': 23.2, 'precipitation': 0.0, 'wind_speed': 1.8}
{'city': 'Bandung', 'timestamp': '2025-10-27T16:00', 'temperature': 23.2, 'precipitation': 0.0, 'wind_speed': 1.8}
{'city': 'Bandung', 'timestamp': '2025-10-27T16:00', 'temperature': 23.2, 'precipitation': 0.0, 'wind_speed': 1.8}
{'city': 'Bandung', 'timestamp': '2025-10-27T16:00', 'temperature': 23.2, 'precipitation': 0.0, 'wind_speed': 1.8}
{'city': 'Bandung', 'timestamp': '2025-10-27T16:00', 'temperature': 23.2, 'precipitation': 0.0, 'wind_speed': 1.8}
{'city': 'Bandung', 'timestamp': '2025-10-27T16:00', 'temperature': 23.2, 'precipitation': 0.0, 'wind_speed': 1.8}
{'city': 'Bandung', 'timestamp': '2025-10-27T16:15', 'temperature': 23.1, 'precipitation': 0.0, 'wind_speed': 1.8}
{'city': 'Bandung', 'timestamp': '2025-10-27T16:15', 'temperature': 23.1, 'precipitation': 0.0, 'wind_speed': 1.8}
{'city': 'Bandung', 'timestamp': '2025-10-27T16:15', 'temperature': 23.1, 'precipitation': 0.0, 'wind_speed': 1.8}
{'city': 'Bandung', 'timestamp': '2025-10-27T16:15', 'temperature': 23.1, 'precipitation': 0.0, 'wind_speed': 1.8}
{'city': 'Bandung', 'timestamp': '2025-10-27T16:15', 'temperature': 23.1, 'precipitation': 0.0, 'wind_speed': 1.8}
{'city': 'Bandung', 'timestamp': '2025-10-27T16:15', 'temperature': 23.1, 'precipitation': 0.0, 'wind_speed': 2.5}
{'city': 'Bandung', 'timestamp': '2025-10-27T16:15', 'temperature': 23.1, 'precipitation': 0.0, 'wind_speed': 2.5}
{'city': 'Bandung', 'timestamp': '2025-10-27T16:15', 'temperature': 23.1, 'precipitation': 0.0, 'wind_speed': 2.5}
{'city': 'Bandung', 'timestamp': '2025-10-27T16:15', 'temperature': 23.1, 'precipitation': 0.0, 'wind_speed': 2.6}
{'city': 'Bandung', 'timestamp': '2025-10-27T16:15', 'temperature': 23.1, 'precipitation': 0.0, 'wind_speed': 2.6}
{'city': 'Bandung', 'timestamp': '2025-10-27T16:15', 'temperature': 23.1, 'precipitation': 0.0, 'wind_speed': 2.6}
{'city': 'Bandung', 'timestamp': '2025-10-27T16:15', 'temperature': 23.1, 'precipitation': 0.0, 'wind_speed': 2.6}
{'city': 'Bandung', 'timestamp': '2025-10-27T16:15', 'temperature': 23.1, 'precipitation': 0.0, 'wind_speed': 2.6}
{'city': 'Bandung', 'timestamp': '2025-10-27T16:15', 'temperature': 23.1, 'precipitation': 0.0, 'wind_speed': 2.6}
{'city': 'Bandung', 'timestamp': '2025-10-27T16:30', 'temperature': 23.0, 'precipitation': 0.0, 'wind_speed': 2.6}
{'city': 'Bandung', 'timestamp': '2025-10-27T16:30', 'temperature': 23.0, 'precipitation': 0.0, 'wind_speed': 2.6}
{'city': 'Bandung', 'timestamp': '2025-10-27T16:30', 'temperature': 23.0, 'precipitation': 0.0, 'wind_speed': 2.6}
{'city': 'Bandung', 'timestamp': '2025-10-27T16:30', 'temperature': 23.0, 'precipitation': 0.0, 'wind_speed': 2.6}
{'city': 'Bandung', 'timestamp': '2025-10-27T16:30', 'temperature': 23.0, 'precipitation': 0.0, 'wind_speed': 2.6}
{'city': 'Bandung', 'timestamp': '2025-10-27T16:30', 'temperature': 23.0, 'precipitation': 0.0, 'wind_speed': 2.6}
{'city': 'Bandung', 'timestamp': '2025-10-27T16:30', 'temperature': 23.0, 'precipitation': 0.0, 'wind_speed': 2.6}
Traceback (most recent call last):
  File "/home/sanju3291/.cache/pypoetry/virtualenvs/mini-etl-env-C3uzeoFv-py3.12/lib/python3.12/site-packages/urllib3/connectionpool.py", line 464, in _make_request
    self._validate_conn(conn)
  File "/home/sanju3291/.cache/pypoetry/virtualenvs/mini-etl-env-C3uzeoFv-py3.12/lib/python3.12/site-packages/urllib3/connectionpool.py", line 1093, in _validate_conn
    conn.connect()
  File "/home/sanju3291/.cache/pypoetry/virtualenvs/mini-etl-env-C3uzeoFv-py3.12/lib/python3.12/site-packages/urllib3/connection.py", line 790, in connect
    sock_and_verified = _ssl_wrap_socket_and_match_hostname(
                        ^^^^^^^^^^^^^^^^^^^^^^^^^^^^^^^^^^^^
  File "/home/sanju3291/.cache/pypoetry/virtualenvs/mini-etl-env-C3uzeoFv-py3.12/lib/python3.12/site-packages/urllib3/connection.py", line 969, in _ssl_wrap_socket_and_match_hostname
    ssl_sock = ssl_wrap_socket(
               ^^^^^^^^^^^^^^^^
  File "/home/sanju3291/.cache/pypoetry/virtualenvs/mini-etl-env-C3uzeoFv-py3.12/lib/python3.12/site-packages/urllib3/util/ssl_.py", line 480, in ssl_wrap_socket
    ssl_sock = _ssl_wrap_socket_impl(sock, context, tls_in_tls, server_hostname)
               ^^^^^^^^^^^^^^^^^^^^^^^^^^^^^^^^^^^^^^^^^^^^^^^^^^^^^^^^^^^^^^^^^
  File "/home/sanju3291/.cache/pypoetry/virtualenvs/mini-etl-env-C3uzeoFv-py3.12/lib/python3.12/site-packages/urllib3/util/ssl_.py", line 524, in _ssl_wrap_socket_impl
    return ssl_context.wrap_socket(sock, server_hostname=server_hostname)
           ^^^^^^^^^^^^^^^^^^^^^^^^^^^^^^^^^^^^^^^^^^^^^^^^^^^^^^^^^^^^^^
  File "/usr/lib/python3.12/ssl.py", line 455, in wrap_socket
    return self.sslsocket_class._create(
           ^^^^^^^^^^^^^^^^^^^^^^^^^^^^^
  File "/usr/lib/python3.12/ssl.py", line 1042, in _create
    self.do_handshake()
  File "/usr/lib/python3.12/ssl.py", line 1320, in do_handshake
    self._sslobj.do_handshake()
TimeoutError: [Errno 110] Connection timed out

The above exception was the direct cause of the following exception:

Traceback (most recent call last):
  File "/home/sanju3291/.cache/pypoetry/virtualenvs/mini-etl-env-C3uzeoFv-py3.12/lib/python3.12/site-packages/requests/adapters.py", line 644, in send
    resp = conn.urlopen(
           ^^^^^^^^^^^^^
  File "/home/sanju3291/.cache/pypoetry/virtualenvs/mini-etl-env-C3uzeoFv-py3.12/lib/python3.12/site-packages/urllib3/connectionpool.py", line 841, in urlopen
    retries = retries.increment(
              ^^^^^^^^^^^^^^^^^^
  File "/home/sanju3291/.cache/pypoetry/virtualenvs/mini-etl-env-C3uzeoFv-py3.12/lib/python3.12/site-packages/urllib3/util/retry.py", line 474, in increment
    raise reraise(type(error), error, _stacktrace)
          ^^^^^^^^^^^^^^^^^^^^^^^^^^^^^^^^^^^^^^^^
  File "/home/sanju3291/.cache/pypoetry/virtualenvs/mini-etl-env-C3uzeoFv-py3.12/lib/python3.12/site-packages/urllib3/util/util.py", line 39, in reraise
    raise value
  File "/home/sanju3291/.cache/pypoetry/virtualenvs/mini-etl-env-C3uzeoFv-py3.12/lib/python3.12/site-packages/urllib3/connectionpool.py", line 787, in urlopen
    response = self._make_request(
               ^^^^^^^^^^^^^^^^^^^
  File "/home/sanju3291/.cache/pypoetry/virtualenvs/mini-etl-env-C3uzeoFv-py3.12/lib/python3.12/site-packages/urllib3/connectionpool.py", line 488, in _make_request
    raise new_e
  File "/home/sanju3291/.cache/pypoetry/virtualenvs/mini-etl-env-C3uzeoFv-py3.12/lib/python3.12/site-packages/urllib3/connectionpool.py", line 466, in _make_request
    self._raise_timeout(err=e, url=url, timeout_value=conn.timeout)
  File "/home/sanju3291/.cache/pypoetry/virtualenvs/mini-etl-env-C3uzeoFv-py3.12/lib/python3.12/site-packages/urllib3/connectionpool.py", line 367, in _raise_timeout
    raise ReadTimeoutError(
urllib3.exceptions.ReadTimeoutError: HTTPSConnectionPool(host='api.open-meteo.com', port=443): Read timed out. (read timeout=None)

During handling of the above exception, another exception occurred:

Traceback (most recent call last):
  File "/home/sanju3291/phase2-project/src/main.py", line 33, in <module>
    raw = extract(source,params)
          ^^^^^^^^^^^^^^^^^^^^^^
  File "/home/sanju3291/phase2-project/src/extract.py", line 8, in extract
    response = requests.get(url)
               ^^^^^^^^^^^^^^^^^
  File "/home/sanju3291/.cache/pypoetry/virtualenvs/mini-etl-env-C3uzeoFv-py3.12/lib/python3.12/site-packages/requests/api.py", line 73, in get
    return request("get", url, params=params, **kwargs)
           ^^^^^^^^^^^^^^^^^^^^^^^^^^^^^^^^^^^^^^^^^^^^
  File "/home/sanju3291/.cache/pypoetry/virtualenvs/mini-etl-env-C3uzeoFv-py3.12/lib/python3.12/site-packages/requests/api.py", line 59, in request
    return session.request(method=method, url=url, **kwargs)
           ^^^^^^^^^^^^^^^^^^^^^^^^^^^^^^^^^^^^^^^^^^^^^^^^^
  File "/home/sanju3291/.cache/pypoetry/virtualenvs/mini-etl-env-C3uzeoFv-py3.12/lib/python3.12/site-packages/requests/sessions.py", line 589, in request
    resp = self.send(prep, **send_kwargs)
           ^^^^^^^^^^^^^^^^^^^^^^^^^^^^^^
  File "/home/sanju3291/.cache/pypoetry/virtualenvs/mini-etl-env-C3uzeoFv-py3.12/lib/python3.12/site-packages/requests/sessions.py", line 703, in send
    r = adapter.send(request, **kwargs)
        ^^^^^^^^^^^^^^^^^^^^^^^^^^^^^^^
  File "/home/sanju3291/.cache/pypoetry/virtualenvs/mini-etl-env-C3uzeoFv-py3.12/lib/python3.12/site-packages/requests/adapters.py", line 690, in send
    raise ReadTimeout(e, request=request)
requests.exceptions.ReadTimeout: HTTPSConnectionPool(host='api.open-meteo.com', port=443): Read timed out. (read timeout=None)

During handling of the above exception, another exception occurred:

Traceback (most recent call last):
  File "/home/sanju3291/phase2-project/src/main.py", line 37, in <module>
    logging.error(f"Pipeline failed: {e}")
    ^^^^^^^^^^^^^
AttributeError: 'NoneType' object has no attribute 'error'
{'city': 'Bandung', 'timestamp': '2025-10-27T16:30', 'temperature': 23.0, 'precipitation': 0.0, 'wind_speed': 2.6}
{'city': 'Bandung', 'timestamp': '2025-10-27T16:30', 'temperature': 23.0, 'precipitation': 0.0, 'wind_speed': 2.6}
{'city': 'Bandung', 'timestamp': '2025-10-27T16:30', 'temperature': 23.0, 'precipitation': 0.0, 'wind_speed': 2.6}
{'city': 'Bandung', 'timestamp': '2025-10-27T16:30', 'temperature': 23.0, 'precipitation': 0.0, 'wind_speed': 2.6}
{'city': 'Bandung', 'timestamp': '2025-10-27T16:30', 'temperature': 23.0, 'precipitation': 0.0, 'wind_speed': 2.6}
{'city': 'Bandung', 'timestamp': '2025-10-27T16:30', 'temperature': 23.0, 'precipitation': 0.0, 'wind_speed': 2.6}
{'city': 'Bandung', 'timestamp': '2025-10-27T16:30', 'temperature': 23.0, 'precipitation': 0.0, 'wind_speed': 2.6}
{'city': 'Bandung', 'timestamp': '2025-10-27T16:30', 'temperature': 23.0, 'precipitation': 0.0, 'wind_speed': 2.6}
{'city': 'Bandung', 'timestamp': '2025-10-27T16:45', 'temperature': 23.0, 'precipitation': 0.0, 'wind_speed': 3.0}
{'city': 'Bandung', 'timestamp': '2025-10-27T16:45', 'temperature': 23.0, 'precipitation': 0.0, 'wind_speed': 3.0}
{'city': 'Bandung', 'timestamp': '2025-10-27T16:45', 'temperature': 23.0, 'precipitation': 0.0, 'wind_speed': 3.0}
{'city': 'Bandung', 'timestamp': '2025-10-27T16:45', 'temperature': 23.0, 'precipitation': 0.0, 'wind_speed': 3.0}
{'city': 'Bandung', 'timestamp': '2025-10-27T16:45', 'temperature': 23.0, 'precipitation': 0.0, 'wind_speed': 3.0}
{'city': 'Bandung', 'timestamp': '2025-10-27T16:45', 'temperature': 23.0, 'precipitation': 0.0, 'wind_speed': 3.0}
{'city': 'Bandung', 'timestamp': '2025-10-27T16:45', 'temperature': 23.0, 'precipitation': 0.0, 'wind_speed': 3.0}
{'city': 'Bandung', 'timestamp': '2025-10-27T16:45', 'temperature': 23.0, 'precipitation': 0.0, 'wind_speed': 3.0}
{'city': 'Bandung', 'timestamp': '2025-10-27T16:45', 'temperature': 23.0, 'precipitation': 0.0, 'wind_speed': 3.0}
{'city': 'Bandung', 'timestamp': '2025-10-27T16:45', 'temperature': 23.0, 'precipitation': 0.0, 'wind_speed': 3.0}
{'city': 'Bandung', 'timestamp': '2025-10-27T16:45', 'temperature': 23.0, 'precipitation': 0.0, 'wind_speed': 3.0}
{'city': 'Bandung', 'timestamp': '2025-10-27T16:45', 'temperature': 23.0, 'precipitation': 0.0, 'wind_speed': 3.0}
{'city': 'Bandung', 'timestamp': '2025-10-27T16:45', 'temperature': 23.0, 'precipitation': 0.0, 'wind_speed': 3.0}
{'city': 'Bandung', 'timestamp': '2025-10-27T16:45', 'temperature': 23.0, 'precipitation': 0.0, 'wind_speed': 3.0}
{'city': 'Bandung', 'timestamp': '2025-10-27T16:45', 'temperature': 23.0, 'precipitation': 0.0, 'wind_speed': 3.0}
{'city': 'Bandung', 'timestamp': '2025-10-27T17:00', 'temperature': 23.0, 'precipitation': 0.0, 'wind_speed': 3.0}
{'city': 'Bandung', 'timestamp': '2025-10-27T17:00', 'temperature': 23.0, 'precipitation': 0.0, 'wind_speed': 3.0}
{'city': 'Bandung', 'timestamp': '2025-10-27T17:00', 'temperature': 23.0, 'precipitation': 0.0, 'wind_speed': 3.0}
{'city': 'Bandung', 'timestamp': '2025-10-27T17:00', 'temperature': 23.0, 'precipitation': 0.0, 'wind_speed': 3.0}
{'city': 'Bandung', 'timestamp': '2025-10-27T17:00', 'temperature': 23.0, 'precipitation': 0.0, 'wind_speed': 3.0}
{'city': 'Bandung', 'timestamp': '2025-10-27T17:00', 'temperature': 23.0, 'precipitation': 0.0, 'wind_speed': 3.0}
{'city': 'Bandung', 'timestamp': '2025-10-27T17:00', 'temperature': 23.0, 'precipitation': 0.0, 'wind_speed': 3.0}
{'city': 'Bandung', 'timestamp': '2025-10-27T17:00', 'temperature': 23.0, 'precipitation': 0.0, 'wind_speed': 3.0}
{'city': 'Bandung', 'timestamp': '2025-10-27T17:00', 'temperature': 23.0, 'precipitation': 0.0, 'wind_speed': 3.0}
{'city': 'Bandung', 'timestamp': '2025-10-27T17:00', 'temperature': 23.0, 'precipitation': 0.0, 'wind_speed': 3.0}
{'city': 'Bandung', 'timestamp': '2025-10-27T17:00', 'temperature': 23.0, 'precipitation': 0.0, 'wind_speed': 3.0}
{'city': 'Bandung', 'timestamp': '2025-10-27T17:00', 'temperature': 23.0, 'precipitation': 0.0, 'wind_speed': 3.0}
{'city': 'Bandung', 'timestamp': '2025-10-27T17:00', 'temperature': 23.0, 'precipitation': 0.0, 'wind_speed': 3.0}
{'city': 'Bandung', 'timestamp': '2025-10-27T17:00', 'temperature': 23.0, 'precipitation': 0.0, 'wind_speed': 3.0}
{'city': 'Bandung', 'timestamp': '2025-10-27T17:00', 'temperature': 23.0, 'precipitation': 0.0, 'wind_speed': 3.0}
{'city': 'Bandung', 'timestamp': '2025-10-27T17:15', 'temperature': 23.0, 'precipitation': 0.0, 'wind_speed': 3.0}
{'city': 'Bandung', 'timestamp': '2025-10-27T17:15', 'temperature': 23.0, 'precipitation': 0.0, 'wind_speed': 3.0}
{'city': 'Bandung', 'timestamp': '2025-10-27T17:15', 'temperature': 23.0, 'precipitation': 0.0, 'wind_speed': 3.0}
{'city': 'Bandung', 'timestamp': '2025-10-27T17:15', 'temperature': 23.0, 'precipitation': 0.0, 'wind_speed': 3.0}
{'city': 'Bandung', 'timestamp': '2025-10-27T17:15', 'temperature': 23.0, 'precipitation': 0.0, 'wind_speed': 3.0}
{'city': 'Bandung', 'timestamp': '2025-10-27T17:15', 'temperature': 23.0, 'precipitation': 0.0, 'wind_speed': 3.0}
{'city': 'Bandung', 'timestamp': '2025-10-27T17:15', 'temperature': 23.0, 'precipitation': 0.0, 'wind_speed': 3.0}
{'city': 'Bandung', 'timestamp': '2025-10-27T17:15', 'temperature': 23.0, 'precipitation': 0.0, 'wind_speed': 3.0}
{'city': 'Bandung', 'timestamp': '2025-10-27T17:15', 'temperature': 23.0, 'precipitation': 0.0, 'wind_speed': 3.0}
{'city': 'Bandung', 'timestamp': '2025-10-27T17:15', 'temperature': 23.0, 'precipitation': 0.0, 'wind_speed': 3.0}
{'city': 'Bandung', 'timestamp': '2025-10-27T17:15', 'temperature': 23.0, 'precipitation': 0.0, 'wind_speed': 3.0}
{'city': 'Bandung', 'timestamp': '2025-10-27T17:15', 'temperature': 23.0, 'precipitation': 0.0, 'wind_speed': 3.0}
{'city': 'Bandung', 'timestamp': '2025-10-27T17:15', 'temperature': 23.0, 'precipitation': 0.0, 'wind_speed': 3.0}
{'city': 'Bandung', 'timestamp': '2025-10-27T17:15', 'temperature': 23.0, 'precipitation': 0.0, 'wind_speed': 3.0}
{'city': 'Bandung', 'timestamp': '2025-10-27T17:15', 'temperature': 23.0, 'precipitation': 0.0, 'wind_speed': 3.0}
{'city': 'Bandung', 'timestamp': '2025-10-27T17:30', 'temperature': 22.9, 'precipitation': 0.0, 'wind_speed': 3.1}
{'city': 'Bandung', 'timestamp': '2025-10-27T17:30', 'temperature': 22.9, 'precipitation': 0.0, 'wind_speed': 3.1}
{'city': 'Bandung', 'timestamp': '2025-10-27T17:30', 'temperature': 22.9, 'precipitation': 0.0, 'wind_speed': 3.1}
{'city': 'Bandung', 'timestamp': '2025-10-27T17:30', 'temperature': 22.9, 'precipitation': 0.0, 'wind_speed': 3.1}
{'city': 'Bandung', 'timestamp': '2025-10-27T17:30', 'temperature': 22.9, 'precipitation': 0.0, 'wind_speed': 3.1}
{'city': 'Bandung', 'timestamp': '2025-10-27T17:30', 'temperature': 22.9, 'precipitation': 0.0, 'wind_speed': 3.1}
{'city': 'Bandung', 'timestamp': '2025-10-27T17:30', 'temperature': 22.9, 'precipitation': 0.0, 'wind_speed': 3.1}
{'city': 'Bandung', 'timestamp': '2025-10-27T17:30', 'temperature': 22.9, 'precipitation': 0.0, 'wind_speed': 3.1}
{'city': 'Bandung', 'timestamp': '2025-10-27T17:30', 'temperature': 22.9, 'precipitation': 0.0, 'wind_speed': 3.1}
{'city': 'Bandung', 'timestamp': '2025-10-27T17:30', 'temperature': 22.9, 'precipitation': 0.0, 'wind_speed': 3.1}
{'city': 'Bandung', 'timestamp': '2025-10-27T17:30', 'temperature': 22.9, 'precipitation': 0.0, 'wind_speed': 3.1}
{'city': 'Bandung', 'timestamp': '2025-10-27T17:30', 'temperature': 22.9, 'precipitation': 0.0, 'wind_speed': 3.1}
{'city': 'Bandung', 'timestamp': '2025-10-27T17:30', 'temperature': 22.9, 'precipitation': 0.0, 'wind_speed': 3.1}
{'city': 'Bandung', 'timestamp': '2025-10-27T17:30', 'temperature': 22.9, 'precipitation': 0.0, 'wind_speed': 3.1}
{'city': 'Bandung', 'timestamp': '2025-10-27T17:30', 'temperature': 22.9, 'precipitation': 0.0, 'wind_speed': 3.1}
{'city': 'Bandung', 'timestamp': '2025-10-27T17:45', 'temperature': 22.8, 'precipitation': 0.0, 'wind_speed': 3.2}
{'city': 'Bandung', 'timestamp': '2025-10-27T17:45', 'temperature': 22.8, 'precipitation': 0.0, 'wind_speed': 3.2}
{'city': 'Bandung', 'timestamp': '2025-10-27T17:45', 'temperature': 22.8, 'precipitation': 0.0, 'wind_speed': 3.2}
{'city': 'Bandung', 'timestamp': '2025-10-27T17:45', 'temperature': 22.8, 'precipitation': 0.0, 'wind_speed': 3.2}
{'city': 'Bandung', 'timestamp': '2025-10-27T17:45', 'temperature': 22.8, 'precipitation': 0.0, 'wind_speed': 3.2}
{'city': 'Bandung', 'timestamp': '2025-10-27T17:45', 'temperature': 22.8, 'precipitation': 0.0, 'wind_speed': 3.2}
{'city': 'Bandung', 'timestamp': '2025-10-27T17:45', 'temperature': 22.8, 'precipitation': 0.0, 'wind_speed': 3.2}
{'city': 'Bandung', 'timestamp': '2025-10-27T17:45', 'temperature': 22.8, 'precipitation': 0.0, 'wind_speed': 3.2}
{'city': 'Bandung', 'timestamp': '2025-10-27T17:45', 'temperature': 22.8, 'precipitation': 0.0, 'wind_speed': 3.2}
{'city': 'Bandung', 'timestamp': '2025-10-27T17:45', 'temperature': 22.8, 'precipitation': 0.0, 'wind_speed': 3.2}
{'city': 'Bandung', 'timestamp': '2025-10-27T17:45', 'temperature': 22.8, 'precipitation': 0.0, 'wind_speed': 3.2}
{'city': 'Bandung', 'timestamp': '2025-10-27T17:45', 'temperature': 22.8, 'precipitation': 0.0, 'wind_speed': 3.2}
{'city': 'Bandung', 'timestamp': '2025-10-27T17:45', 'temperature': 22.8, 'precipitation': 0.0, 'wind_speed': 3.2}
{'city': 'Bandung', 'timestamp': '2025-10-27T17:45', 'temperature': 22.8, 'precipitation': 0.0, 'wind_speed': 3.2}
{'city': 'Bandung', 'timestamp': '2025-10-27T17:45', 'temperature': 22.8, 'precipitation': 0.0, 'wind_speed': 3.2}
{'city': 'Bandung', 'timestamp': '2025-10-27T18:00', 'temperature': 22.8, 'precipitation': 0.0, 'wind_speed': 3.2}
{'city': 'Bandung', 'timestamp': '2025-10-27T20:00', 'temperature': 22.8, 'precipitation': 0.0, 'wind_speed': 1.8}
{'city': 'Bandung', 'timestamp': '2025-10-27T20:00', 'temperature': 22.8, 'precipitation': 0.0, 'wind_speed': 1.8}
{'city': 'Bandung', 'timestamp': '2025-10-27T20:00', 'temperature': 22.8, 'precipitation': 0.0, 'wind_speed': 1.8}
{'city': 'Bandung', 'timestamp': '2025-10-27T20:00', 'temperature': 22.8, 'precipitation': 0.0, 'wind_speed': 1.8}
{'city': 'Bandung', 'timestamp': '2025-10-27T22:00', 'temperature': 22.5, 'precipitation': 0.0, 'wind_speed': 2.0}
{'city': 'Bandung', 'timestamp': '2025-10-27T22:00', 'temperature': 22.5, 'precipitation': 0.0, 'wind_speed': 2.0}
{'city': 'Bandung', 'timestamp': '2025-10-27T22:00', 'temperature': 22.5, 'precipitation': 0.0, 'wind_speed': 2.0}
{'city': 'Bandung', 'timestamp': '2025-10-27T22:00', 'temperature': 22.5, 'precipitation': 0.0, 'wind_speed': 2.0}
{'city': 'Bandung', 'timestamp': '2025-10-27T22:00', 'temperature': 22.5, 'precipitation': 0.0, 'wind_speed': 2.0}
{'city': 'Bandung', 'timestamp': '2025-10-27T22:00', 'temperature': 22.5, 'precipitation': 0.0, 'wind_speed': 2.0}
{'city': 'Bandung', 'timestamp': '2025-10-27T22:00', 'temperature': 22.5, 'precipitation': 0.0, 'wind_speed': 2.0}
{'city': 'Bandung', 'timestamp': '2025-10-27T22:00', 'temperature': 22.5, 'precipitation': 0.0, 'wind_speed': 2.0}
{'city': 'Bandung', 'timestamp': '2025-10-27T22:00', 'temperature': 22.5, 'precipitation': 0.0, 'wind_speed': 2.0}
{'city': 'Bandung', 'timestamp': '2025-10-27T22:00', 'temperature': 23.4, 'precipitation': 0.0, 'wind_speed': 2.0}
{'city': 'Bandung', 'timestamp': '2025-10-27T22:00', 'temperature': 23.4, 'precipitation': 0.0, 'wind_speed': 2.0}
{'city': 'Bandung', 'timestamp': '2025-10-27T22:00', 'temperature': 23.4, 'precipitation': 0.0, 'wind_speed': 1.8}
{'city': 'Bandung', 'timestamp': '2025-10-27T22:00', 'temperature': 23.4, 'precipitation': 0.0, 'wind_speed': 1.8}
{'city': 'Bandung', 'timestamp': '2025-10-27T22:00', 'temperature': 23.4, 'precipitation': 0.0, 'wind_speed': 1.8}
Traceback (most recent call last):
  File "/home/sanju3291/.cache/pypoetry/virtualenvs/mini-etl-env-C3uzeoFv-py3.12/lib/python3.12/site-packages/urllib3/connectionpool.py", line 464, in _make_request
    self._validate_conn(conn)
  File "/home/sanju3291/.cache/pypoetry/virtualenvs/mini-etl-env-C3uzeoFv-py3.12/lib/python3.12/site-packages/urllib3/connectionpool.py", line 1093, in _validate_conn
    conn.connect()
  File "/home/sanju3291/.cache/pypoetry/virtualenvs/mini-etl-env-C3uzeoFv-py3.12/lib/python3.12/site-packages/urllib3/connection.py", line 790, in connect
    sock_and_verified = _ssl_wrap_socket_and_match_hostname(
                        ^^^^^^^^^^^^^^^^^^^^^^^^^^^^^^^^^^^^
  File "/home/sanju3291/.cache/pypoetry/virtualenvs/mini-etl-env-C3uzeoFv-py3.12/lib/python3.12/site-packages/urllib3/connection.py", line 969, in _ssl_wrap_socket_and_match_hostname
    ssl_sock = ssl_wrap_socket(
               ^^^^^^^^^^^^^^^^
  File "/home/sanju3291/.cache/pypoetry/virtualenvs/mini-etl-env-C3uzeoFv-py3.12/lib/python3.12/site-packages/urllib3/util/ssl_.py", line 480, in ssl_wrap_socket
    ssl_sock = _ssl_wrap_socket_impl(sock, context, tls_in_tls, server_hostname)
               ^^^^^^^^^^^^^^^^^^^^^^^^^^^^^^^^^^^^^^^^^^^^^^^^^^^^^^^^^^^^^^^^^
  File "/home/sanju3291/.cache/pypoetry/virtualenvs/mini-etl-env-C3uzeoFv-py3.12/lib/python3.12/site-packages/urllib3/util/ssl_.py", line 524, in _ssl_wrap_socket_impl
    return ssl_context.wrap_socket(sock, server_hostname=server_hostname)
           ^^^^^^^^^^^^^^^^^^^^^^^^^^^^^^^^^^^^^^^^^^^^^^^^^^^^^^^^^^^^^^
  File "/usr/lib/python3.12/ssl.py", line 455, in wrap_socket
    return self.sslsocket_class._create(
           ^^^^^^^^^^^^^^^^^^^^^^^^^^^^^
  File "/usr/lib/python3.12/ssl.py", line 1042, in _create
    self.do_handshake()
  File "/usr/lib/python3.12/ssl.py", line 1320, in do_handshake
    self._sslobj.do_handshake()
TimeoutError: [Errno 110] Connection timed out

The above exception was the direct cause of the following exception:

Traceback (most recent call last):
  File "/home/sanju3291/.cache/pypoetry/virtualenvs/mini-etl-env-C3uzeoFv-py3.12/lib/python3.12/site-packages/requests/adapters.py", line 644, in send
    resp = conn.urlopen(
           ^^^^^^^^^^^^^
  File "/home/sanju3291/.cache/pypoetry/virtualenvs/mini-etl-env-C3uzeoFv-py3.12/lib/python3.12/site-packages/urllib3/connectionpool.py", line 841, in urlopen
    retries = retries.increment(
              ^^^^^^^^^^^^^^^^^^
  File "/home/sanju3291/.cache/pypoetry/virtualenvs/mini-etl-env-C3uzeoFv-py3.12/lib/python3.12/site-packages/urllib3/util/retry.py", line 474, in increment
    raise reraise(type(error), error, _stacktrace)
          ^^^^^^^^^^^^^^^^^^^^^^^^^^^^^^^^^^^^^^^^
  File "/home/sanju3291/.cache/pypoetry/virtualenvs/mini-etl-env-C3uzeoFv-py3.12/lib/python3.12/site-packages/urllib3/util/util.py", line 39, in reraise
    raise value
  File "/home/sanju3291/.cache/pypoetry/virtualenvs/mini-etl-env-C3uzeoFv-py3.12/lib/python3.12/site-packages/urllib3/connectionpool.py", line 787, in urlopen
    response = self._make_request(
               ^^^^^^^^^^^^^^^^^^^
  File "/home/sanju3291/.cache/pypoetry/virtualenvs/mini-etl-env-C3uzeoFv-py3.12/lib/python3.12/site-packages/urllib3/connectionpool.py", line 488, in _make_request
    raise new_e
  File "/home/sanju3291/.cache/pypoetry/virtualenvs/mini-etl-env-C3uzeoFv-py3.12/lib/python3.12/site-packages/urllib3/connectionpool.py", line 466, in _make_request
    self._raise_timeout(err=e, url=url, timeout_value=conn.timeout)
  File "/home/sanju3291/.cache/pypoetry/virtualenvs/mini-etl-env-C3uzeoFv-py3.12/lib/python3.12/site-packages/urllib3/connectionpool.py", line 367, in _raise_timeout
    raise ReadTimeoutError(
urllib3.exceptions.ReadTimeoutError: HTTPSConnectionPool(host='api.open-meteo.com', port=443): Read timed out. (read timeout=None)

During handling of the above exception, another exception occurred:

Traceback (most recent call last):
  File "/home/sanju3291/phase2-project/src/main.py", line 33, in <module>
    raw = extract(source,params)
          ^^^^^^^^^^^^^^^^^^^^^^
  File "/home/sanju3291/phase2-project/src/extract.py", line 8, in extract
    response = requests.get(url)
               ^^^^^^^^^^^^^^^^^
  File "/home/sanju3291/.cache/pypoetry/virtualenvs/mini-etl-env-C3uzeoFv-py3.12/lib/python3.12/site-packages/requests/api.py", line 73, in get
    return request("get", url, params=params, **kwargs)
           ^^^^^^^^^^^^^^^^^^^^^^^^^^^^^^^^^^^^^^^^^^^^
  File "/home/sanju3291/.cache/pypoetry/virtualenvs/mini-etl-env-C3uzeoFv-py3.12/lib/python3.12/site-packages/requests/api.py", line 59, in request
    return session.request(method=method, url=url, **kwargs)
           ^^^^^^^^^^^^^^^^^^^^^^^^^^^^^^^^^^^^^^^^^^^^^^^^^
  File "/home/sanju3291/.cache/pypoetry/virtualenvs/mini-etl-env-C3uzeoFv-py3.12/lib/python3.12/site-packages/requests/sessions.py", line 589, in request
    resp = self.send(prep, **send_kwargs)
           ^^^^^^^^^^^^^^^^^^^^^^^^^^^^^^
  File "/home/sanju3291/.cache/pypoetry/virtualenvs/mini-etl-env-C3uzeoFv-py3.12/lib/python3.12/site-packages/requests/sessions.py", line 703, in send
    r = adapter.send(request, **kwargs)
        ^^^^^^^^^^^^^^^^^^^^^^^^^^^^^^^
  File "/home/sanju3291/.cache/pypoetry/virtualenvs/mini-etl-env-C3uzeoFv-py3.12/lib/python3.12/site-packages/requests/adapters.py", line 690, in send
    raise ReadTimeout(e, request=request)
requests.exceptions.ReadTimeout: HTTPSConnectionPool(host='api.open-meteo.com', port=443): Read timed out. (read timeout=None)

During handling of the above exception, another exception occurred:

Traceback (most recent call last):
  File "/home/sanju3291/phase2-project/src/main.py", line 37, in <module>
    logging.error(f"Pipeline failed: {e}")
    ^^^^^^^^^^^^^
AttributeError: 'NoneType' object has no attribute 'error'
{'city': 'Bandung', 'timestamp': '2025-10-27T22:00', 'temperature': 23.4, 'precipitation': 0.0, 'wind_speed': 1.8}
{'city': 'Bandung', 'timestamp': '2025-10-27T22:15', 'temperature': 23.3, 'precipitation': 0.0, 'wind_speed': 1.8}
{'city': 'Bandung', 'timestamp': '2025-10-27T22:15', 'temperature': 23.3, 'precipitation': 0.0, 'wind_speed': 1.8}
{'city': 'Bandung', 'timestamp': '2025-10-27T22:15', 'temperature': 23.3, 'precipitation': 0.0, 'wind_speed': 1.8}
{'city': 'Bandung', 'timestamp': '2025-10-27T22:15', 'temperature': 23.3, 'precipitation': 0.0, 'wind_speed': 1.8}
{'city': 'Bandung', 'timestamp': '2025-10-27T22:15', 'temperature': 23.3, 'precipitation': 0.0, 'wind_speed': 1.8}
{'city': 'Bandung', 'timestamp': '2025-10-27T22:15', 'temperature': 23.3, 'precipitation': 0.0, 'wind_speed': 1.8}
{'city': 'Bandung', 'timestamp': '2025-10-27T22:15', 'temperature': 23.3, 'precipitation': 0.0, 'wind_speed': 1.8}
{'city': 'Bandung', 'timestamp': '2025-10-27T22:15', 'temperature': 23.3, 'precipitation': 0.0, 'wind_speed': 1.8}
{'city': 'Bandung', 'timestamp': '2025-10-27T22:15', 'temperature': 23.3, 'precipitation': 0.0, 'wind_speed': 1.8}
{'city': 'Bandung', 'timestamp': '2025-10-27T22:15', 'temperature': 23.3, 'precipitation': 0.0, 'wind_speed': 1.8}
{'city': 'Bandung', 'timestamp': '2025-10-27T22:15', 'temperature': 23.3, 'precipitation': 0.0, 'wind_speed': 1.8}
{'city': 'Bandung', 'timestamp': '2025-10-27T22:15', 'temperature': 23.3, 'precipitation': 0.0, 'wind_speed': 1.8}
{'city': 'Bandung', 'timestamp': '2025-10-27T22:15', 'temperature': 23.3, 'precipitation': 0.0, 'wind_speed': 1.8}
{'city': 'Bandung', 'timestamp': '2025-10-27T22:15', 'temperature': 23.3, 'precipitation': 0.0, 'wind_speed': 1.8}
{'city': 'Bandung', 'timestamp': '2025-10-27T22:15', 'temperature': 23.3, 'precipitation': 0.0, 'wind_speed': 1.8}
{'city': 'Bandung', 'timestamp': '2025-10-27T22:30', 'temperature': 23.2, 'precipitation': 0.0, 'wind_speed': 2.1}
{'city': 'Bandung', 'timestamp': '2025-10-27T22:30', 'temperature': 23.2, 'precipitation': 0.0, 'wind_speed': 2.1}
{'city': 'Bandung', 'timestamp': '2025-10-27T22:30', 'temperature': 23.2, 'precipitation': 0.0, 'wind_speed': 2.1}
{'city': 'Bandung', 'timestamp': '2025-10-27T22:30', 'temperature': 23.2, 'precipitation': 0.0, 'wind_speed': 2.1}
{'city': 'Bandung', 'timestamp': '2025-10-27T22:30', 'temperature': 23.2, 'precipitation': 0.0, 'wind_speed': 2.1}
{'city': 'Bandung', 'timestamp': '2025-10-27T22:30', 'temperature': 23.2, 'precipitation': 0.0, 'wind_speed': 2.1}
{'city': 'Bandung', 'timestamp': '2025-10-27T22:30', 'temperature': 23.2, 'precipitation': 0.0, 'wind_speed': 2.1}
{'city': 'Bandung', 'timestamp': '2025-10-27T22:30', 'temperature': 23.2, 'precipitation': 0.0, 'wind_speed': 2.1}
{'city': 'Bandung', 'timestamp': '2025-10-27T22:30', 'temperature': 23.2, 'precipitation': 0.0, 'wind_speed': 2.1}
{'city': 'Bandung', 'timestamp': '2025-10-27T22:30', 'temperature': 23.2, 'precipitation': 0.0, 'wind_speed': 2.1}
{'city': 'Bandung', 'timestamp': '2025-10-27T22:30', 'temperature': 23.2, 'precipitation': 0.0, 'wind_speed': 2.1}
{'city': 'Bandung', 'timestamp': '2025-10-27T22:30', 'temperature': 23.2, 'precipitation': 0.0, 'wind_speed': 2.1}
{'city': 'Bandung', 'timestamp': '2025-10-27T22:30', 'temperature': 23.2, 'precipitation': 0.0, 'wind_speed': 2.1}
{'city': 'Bandung', 'timestamp': '2025-10-27T22:30', 'temperature': 23.2, 'precipitation': 0.0, 'wind_speed': 2.1}
{'city': 'Bandung', 'timestamp': '2025-10-27T22:30', 'temperature': 23.2, 'precipitation': 0.0, 'wind_speed': 2.1}
{'city': 'Bandung', 'timestamp': '2025-10-27T22:45', 'temperature': 23.1, 'precipitation': 0.0, 'wind_speed': 2.1}
{'city': 'Bandung', 'timestamp': '2025-10-27T22:45', 'temperature': 23.1, 'precipitation': 0.0, 'wind_speed': 2.1}
{'city': 'Bandung', 'timestamp': '2025-10-27T22:45', 'temperature': 23.1, 'precipitation': 0.0, 'wind_speed': 2.1}
{'city': 'Bandung', 'timestamp': '2025-10-27T22:45', 'temperature': 23.1, 'precipitation': 0.0, 'wind_speed': 2.1}
{'city': 'Bandung', 'timestamp': '2025-10-27T22:45', 'temperature': 23.1, 'precipitation': 0.0, 'wind_speed': 2.1}
{'city': 'Bandung', 'timestamp': '2025-10-27T22:45', 'temperature': 23.1, 'precipitation': 0.0, 'wind_speed': 2.1}
{'city': 'Bandung', 'timestamp': '2025-10-27T22:45', 'temperature': 23.1, 'precipitation': 0.0, 'wind_speed': 2.1}
{'city': 'Bandung', 'timestamp': '2025-10-27T22:45', 'temperature': 23.1, 'precipitation': 0.0, 'wind_speed': 2.1}
{'city': 'Bandung', 'timestamp': '2025-10-27T22:45', 'temperature': 23.1, 'precipitation': 0.0, 'wind_speed': 2.1}
{'city': 'Bandung', 'timestamp': '2025-10-27T22:45', 'temperature': 23.1, 'precipitation': 0.0, 'wind_speed': 2.1}
{'city': 'Bandung', 'timestamp': '2025-10-27T22:45', 'temperature': 23.1, 'precipitation': 0.0, 'wind_speed': 2.1}
{'city': 'Bandung', 'timestamp': '2025-10-27T22:45', 'temperature': 23.1, 'precipitation': 0.0, 'wind_speed': 2.1}
{'city': 'Bandung', 'timestamp': '2025-10-27T22:45', 'temperature': 23.1, 'precipitation': 0.0, 'wind_speed': 2.1}
{'city': 'Bandung', 'timestamp': '2025-10-27T22:45', 'temperature': 23.1, 'precipitation': 0.0, 'wind_speed': 2.1}
{'city': 'Bandung', 'timestamp': '2025-10-27T22:45', 'temperature': 23.1, 'precipitation': 0.0, 'wind_speed': 2.1}
{'city': 'Bandung', 'timestamp': '2025-10-27T23:00', 'temperature': 23.1, 'precipitation': 0.0, 'wind_speed': 2.1}
{'city': 'Bandung', 'timestamp': '2025-10-27T23:00', 'temperature': 23.1, 'precipitation': 0.0, 'wind_speed': 2.1}
{'city': 'Bandung', 'timestamp': '2025-10-27T23:00', 'temperature': 23.1, 'precipitation': 0.0, 'wind_speed': 2.1}
{'city': 'Bandung', 'timestamp': '2025-10-27T23:00', 'temperature': 23.1, 'precipitation': 0.0, 'wind_speed': 2.1}
{'city': 'Bandung', 'timestamp': '2025-10-27T23:00', 'temperature': 23.1, 'precipitation': 0.0, 'wind_speed': 2.1}
{'city': 'Bandung', 'timestamp': '2025-10-27T23:00', 'temperature': 23.1, 'precipitation': 0.0, 'wind_speed': 2.1}
{'city': 'Bandung', 'timestamp': '2025-10-27T23:00', 'temperature': 23.1, 'precipitation': 0.0, 'wind_speed': 2.1}
{'city': 'Bandung', 'timestamp': '2025-10-27T23:00', 'temperature': 23.1, 'precipitation': 0.0, 'wind_speed': 2.1}
{'city': 'Bandung', 'timestamp': '2025-10-27T23:00', 'temperature': 23.1, 'precipitation': 0.0, 'wind_speed': 2.1}
{'city': 'Bandung', 'timestamp': '2025-10-27T23:00', 'temperature': 23.1, 'precipitation': 0.0, 'wind_speed': 2.1}
{'city': 'Bandung', 'timestamp': '2025-10-27T23:00', 'temperature': 23.1, 'precipitation': 0.0, 'wind_speed': 2.1}
{'city': 'Bandung', 'timestamp': '2025-10-27T23:00', 'temperature': 23.1, 'precipitation': 0.0, 'wind_speed': 2.1}
{'city': 'Bandung', 'timestamp': '2025-10-27T23:00', 'temperature': 23.1, 'precipitation': 0.0, 'wind_speed': 2.1}
{'city': 'Bandung', 'timestamp': '2025-10-27T23:00', 'temperature': 23.1, 'precipitation': 0.0, 'wind_speed': 2.1}
{'city': 'Bandung', 'timestamp': '2025-10-27T23:00', 'temperature': 23.1, 'precipitation': 0.0, 'wind_speed': 2.1}
{'city': 'Bandung', 'timestamp': '2025-10-27T23:15', 'temperature': 23.2, 'precipitation': 0.0, 'wind_speed': 2.3}
{'city': 'Bandung', 'timestamp': '2025-10-27T23:15', 'temperature': 23.2, 'precipitation': 0.0, 'wind_speed': 2.3}
{'city': 'Bandung', 'timestamp': '2025-10-27T23:15', 'temperature': 23.2, 'precipitation': 0.0, 'wind_speed': 2.3}
{'city': 'Bandung', 'timestamp': '2025-10-27T23:15', 'temperature': 23.2, 'precipitation': 0.0, 'wind_speed': 2.3}
{'city': 'Bandung', 'timestamp': '2025-10-27T23:15', 'temperature': 23.2, 'precipitation': 0.0, 'wind_speed': 2.3}
{'city': 'Bandung', 'timestamp': '2025-10-27T23:15', 'temperature': 23.2, 'precipitation': 0.0, 'wind_speed': 2.3}
{'city': 'Bandung', 'timestamp': '2025-10-27T23:15', 'temperature': 23.2, 'precipitation': 0.0, 'wind_speed': 2.3}
{'city': 'Bandung', 'timestamp': '2025-10-27T23:15', 'temperature': 23.2, 'precipitation': 0.0, 'wind_speed': 2.3}
{'city': 'Bandung', 'timestamp': '2025-10-27T23:15', 'temperature': 23.2, 'precipitation': 0.0, 'wind_speed': 2.3}
{'city': 'Bandung', 'timestamp': '2025-10-27T23:15', 'temperature': 23.2, 'precipitation': 0.0, 'wind_speed': 2.3}
{'city': 'Bandung', 'timestamp': '2025-10-27T23:15', 'temperature': 23.2, 'precipitation': 0.0, 'wind_speed': 2.3}
{'city': 'Bandung', 'timestamp': '2025-10-27T23:15', 'temperature': 23.2, 'precipitation': 0.0, 'wind_speed': 2.3}
{'city': 'Bandung', 'timestamp': '2025-10-27T23:15', 'temperature': 23.2, 'precipitation': 0.0, 'wind_speed': 2.3}
{'city': 'Bandung', 'timestamp': '2025-10-27T23:15', 'temperature': 23.2, 'precipitation': 0.0, 'wind_speed': 2.3}
{'city': 'Bandung', 'timestamp': '2025-10-27T23:30', 'temperature': 23.4, 'precipitation': 0.0, 'wind_speed': 2.5}
{'city': 'Bandung', 'timestamp': '2025-10-27T23:30', 'temperature': 23.4, 'precipitation': 0.0, 'wind_speed': 2.5}
{'city': 'Bandung', 'timestamp': '2025-10-27T23:30', 'temperature': 23.4, 'precipitation': 0.0, 'wind_speed': 2.5}
{'city': 'Bandung', 'timestamp': '2025-10-27T23:30', 'temperature': 23.4, 'precipitation': 0.0, 'wind_speed': 2.5}
{'city': 'Bandung', 'timestamp': '2025-10-27T23:30', 'temperature': 23.4, 'precipitation': 0.0, 'wind_speed': 2.5}
{'city': 'Bandung', 'timestamp': '2025-10-27T23:30', 'temperature': 23.4, 'precipitation': 0.0, 'wind_speed': 2.5}
{'city': 'Bandung', 'timestamp': '2025-10-27T23:30', 'temperature': 23.4, 'precipitation': 0.0, 'wind_speed': 2.5}
{'city': 'Bandung', 'timestamp': '2025-10-27T23:30', 'temperature': 23.4, 'precipitation': 0.0, 'wind_speed': 2.5}
{'city': 'Bandung', 'timestamp': '2025-10-27T23:30', 'temperature': 23.4, 'precipitation': 0.0, 'wind_speed': 2.5}
{'city': 'Bandung', 'timestamp': '2025-10-27T23:30', 'temperature': 23.4, 'precipitation': 0.0, 'wind_speed': 2.5}
{'city': 'Bandung', 'timestamp': '2025-10-27T23:30', 'temperature': 23.4, 'precipitation': 0.0, 'wind_speed': 2.5}
{'city': 'Bandung', 'timestamp': '2025-10-27T23:30', 'temperature': 23.4, 'precipitation': 0.0, 'wind_speed': 2.5}
Traceback (most recent call last):
  File "/home/sanju3291/.cache/pypoetry/virtualenvs/mini-etl-env-C3uzeoFv-py3.12/lib/python3.12/site-packages/urllib3/connectionpool.py", line 464, in _make_request
    self._validate_conn(conn)
  File "/home/sanju3291/.cache/pypoetry/virtualenvs/mini-etl-env-C3uzeoFv-py3.12/lib/python3.12/site-packages/urllib3/connectionpool.py", line 1093, in _validate_conn
    conn.connect()
  File "/home/sanju3291/.cache/pypoetry/virtualenvs/mini-etl-env-C3uzeoFv-py3.12/lib/python3.12/site-packages/urllib3/connection.py", line 790, in connect
    sock_and_verified = _ssl_wrap_socket_and_match_hostname(
                        ^^^^^^^^^^^^^^^^^^^^^^^^^^^^^^^^^^^^
  File "/home/sanju3291/.cache/pypoetry/virtualenvs/mini-etl-env-C3uzeoFv-py3.12/lib/python3.12/site-packages/urllib3/connection.py", line 969, in _ssl_wrap_socket_and_match_hostname
    ssl_sock = ssl_wrap_socket(
               ^^^^^^^^^^^^^^^^
  File "/home/sanju3291/.cache/pypoetry/virtualenvs/mini-etl-env-C3uzeoFv-py3.12/lib/python3.12/site-packages/urllib3/util/ssl_.py", line 480, in ssl_wrap_socket
    ssl_sock = _ssl_wrap_socket_impl(sock, context, tls_in_tls, server_hostname)
               ^^^^^^^^^^^^^^^^^^^^^^^^^^^^^^^^^^^^^^^^^^^^^^^^^^^^^^^^^^^^^^^^^
  File "/home/sanju3291/.cache/pypoetry/virtualenvs/mini-etl-env-C3uzeoFv-py3.12/lib/python3.12/site-packages/urllib3/util/ssl_.py", line 524, in _ssl_wrap_socket_impl
    return ssl_context.wrap_socket(sock, server_hostname=server_hostname)
           ^^^^^^^^^^^^^^^^^^^^^^^^^^^^^^^^^^^^^^^^^^^^^^^^^^^^^^^^^^^^^^
  File "/usr/lib/python3.12/ssl.py", line 455, in wrap_socket
    return self.sslsocket_class._create(
           ^^^^^^^^^^^^^^^^^^^^^^^^^^^^^
  File "/usr/lib/python3.12/ssl.py", line 1042, in _create
    self.do_handshake()
  File "/usr/lib/python3.12/ssl.py", line 1320, in do_handshake
    self._sslobj.do_handshake()
TimeoutError: [Errno 110] Connection timed out

The above exception was the direct cause of the following exception:

Traceback (most recent call last):
  File "/home/sanju3291/.cache/pypoetry/virtualenvs/mini-etl-env-C3uzeoFv-py3.12/lib/python3.12/site-packages/requests/adapters.py", line 644, in send
    resp = conn.urlopen(
           ^^^^^^^^^^^^^
  File "/home/sanju3291/.cache/pypoetry/virtualenvs/mini-etl-env-C3uzeoFv-py3.12/lib/python3.12/site-packages/urllib3/connectionpool.py", line 841, in urlopen
    retries = retries.increment(
              ^^^^^^^^^^^^^^^^^^
  File "/home/sanju3291/.cache/pypoetry/virtualenvs/mini-etl-env-C3uzeoFv-py3.12/lib/python3.12/site-packages/urllib3/util/retry.py", line 474, in increment
    raise reraise(type(error), error, _stacktrace)
          ^^^^^^^^^^^^^^^^^^^^^^^^^^^^^^^^^^^^^^^^
  File "/home/sanju3291/.cache/pypoetry/virtualenvs/mini-etl-env-C3uzeoFv-py3.12/lib/python3.12/site-packages/urllib3/util/util.py", line 39, in reraise
    raise value
  File "/home/sanju3291/.cache/pypoetry/virtualenvs/mini-etl-env-C3uzeoFv-py3.12/lib/python3.12/site-packages/urllib3/connectionpool.py", line 787, in urlopen
    response = self._make_request(
               ^^^^^^^^^^^^^^^^^^^
  File "/home/sanju3291/.cache/pypoetry/virtualenvs/mini-etl-env-C3uzeoFv-py3.12/lib/python3.12/site-packages/urllib3/connectionpool.py", line 488, in _make_request
    raise new_e
  File "/home/sanju3291/.cache/pypoetry/virtualenvs/mini-etl-env-C3uzeoFv-py3.12/lib/python3.12/site-packages/urllib3/connectionpool.py", line 466, in _make_request
    self._raise_timeout(err=e, url=url, timeout_value=conn.timeout)
  File "/home/sanju3291/.cache/pypoetry/virtualenvs/mini-etl-env-C3uzeoFv-py3.12/lib/python3.12/site-packages/urllib3/connectionpool.py", line 367, in _raise_timeout
    raise ReadTimeoutError(
urllib3.exceptions.ReadTimeoutError: HTTPSConnectionPool(host='api.open-meteo.com', port=443): Read timed out. (read timeout=None)

During handling of the above exception, another exception occurred:

Traceback (most recent call last):
  File "/home/sanju3291/phase2-project/src/main.py", line 33, in <module>
    raw = extract(source,params)
          ^^^^^^^^^^^^^^^^^^^^^^
  File "/home/sanju3291/phase2-project/src/extract.py", line 8, in extract
    response = requests.get(url)
               ^^^^^^^^^^^^^^^^^
  File "/home/sanju3291/.cache/pypoetry/virtualenvs/mini-etl-env-C3uzeoFv-py3.12/lib/python3.12/site-packages/requests/api.py", line 73, in get
    return request("get", url, params=params, **kwargs)
           ^^^^^^^^^^^^^^^^^^^^^^^^^^^^^^^^^^^^^^^^^^^^
  File "/home/sanju3291/.cache/pypoetry/virtualenvs/mini-etl-env-C3uzeoFv-py3.12/lib/python3.12/site-packages/requests/api.py", line 59, in request
    return session.request(method=method, url=url, **kwargs)
           ^^^^^^^^^^^^^^^^^^^^^^^^^^^^^^^^^^^^^^^^^^^^^^^^^
  File "/home/sanju3291/.cache/pypoetry/virtualenvs/mini-etl-env-C3uzeoFv-py3.12/lib/python3.12/site-packages/requests/sessions.py", line 589, in request
    resp = self.send(prep, **send_kwargs)
           ^^^^^^^^^^^^^^^^^^^^^^^^^^^^^^
  File "/home/sanju3291/.cache/pypoetry/virtualenvs/mini-etl-env-C3uzeoFv-py3.12/lib/python3.12/site-packages/requests/sessions.py", line 703, in send
    r = adapter.send(request, **kwargs)
        ^^^^^^^^^^^^^^^^^^^^^^^^^^^^^^^
  File "/home/sanju3291/.cache/pypoetry/virtualenvs/mini-etl-env-C3uzeoFv-py3.12/lib/python3.12/site-packages/requests/adapters.py", line 690, in send
    raise ReadTimeout(e, request=request)
requests.exceptions.ReadTimeout: HTTPSConnectionPool(host='api.open-meteo.com', port=443): Read timed out. (read timeout=None)

During handling of the above exception, another exception occurred:

Traceback (most recent call last):
  File "/home/sanju3291/phase2-project/src/main.py", line 37, in <module>
    logging.error(f"Pipeline failed: {e}")
    ^^^^^^^^^^^^^
AttributeError: 'NoneType' object has no attribute 'error'
{'city': 'Bandung', 'timestamp': '2025-10-27T23:30', 'temperature': 23.4, 'precipitation': 0.0, 'wind_speed': 2.5}
{'city': 'Bandung', 'timestamp': '2025-10-27T23:30', 'temperature': 23.4, 'precipitation': 0.0, 'wind_speed': 2.5}
{'city': 'Bandung', 'timestamp': '2025-10-27T23:30', 'temperature': 23.4, 'precipitation': 0.0, 'wind_speed': 2.5}
{'city': 'Bandung', 'timestamp': '2025-10-27T23:45', 'temperature': 23.6, 'precipitation': 0.0, 'wind_speed': 2.5}
{'city': 'Bandung', 'timestamp': '2025-10-27T23:45', 'temperature': 23.6, 'precipitation': 0.0, 'wind_speed': 2.5}
{'city': 'Bandung', 'timestamp': '2025-10-27T23:45', 'temperature': 23.6, 'precipitation': 0.0, 'wind_speed': 2.5}
{'city': 'Bandung', 'timestamp': '2025-10-27T23:45', 'temperature': 23.6, 'precipitation': 0.0, 'wind_speed': 2.5}
{'city': 'Bandung', 'timestamp': '2025-10-27T23:45', 'temperature': 23.6, 'precipitation': 0.0, 'wind_speed': 2.5}
{'city': 'Bandung', 'timestamp': '2025-10-27T23:45', 'temperature': 23.6, 'precipitation': 0.0, 'wind_speed': 2.5}
{'city': 'Bandung', 'timestamp': '2025-10-27T23:45', 'temperature': 23.6, 'precipitation': 0.0, 'wind_speed': 2.5}
{'city': 'Bandung', 'timestamp': '2025-10-27T23:45', 'temperature': 23.6, 'precipitation': 0.0, 'wind_speed': 2.5}
{'city': 'Bandung', 'timestamp': '2025-10-27T23:45', 'temperature': 23.6, 'precipitation': 0.0, 'wind_speed': 2.5}
{'city': 'Bandung', 'timestamp': '2025-10-27T23:45', 'temperature': 23.6, 'precipitation': 0.0, 'wind_speed': 2.5}
{'city': 'Bandung', 'timestamp': '2025-10-27T23:45', 'temperature': 23.6, 'precipitation': 0.0, 'wind_speed': 2.5}
{'city': 'Bandung', 'timestamp': '2025-10-27T23:45', 'temperature': 23.6, 'precipitation': 0.0, 'wind_speed': 2.5}
{'city': 'Bandung', 'timestamp': '2025-10-27T23:45', 'temperature': 23.6, 'precipitation': 0.0, 'wind_speed': 2.5}
{'city': 'Bandung', 'timestamp': '2025-10-27T23:45', 'temperature': 23.6, 'precipitation': 0.0, 'wind_speed': 2.5}
{'city': 'Bandung', 'timestamp': '2025-10-27T23:45', 'temperature': 23.6, 'precipitation': 0.0, 'wind_speed': 2.5}
{'city': 'Bandung', 'timestamp': '2025-10-28T00:00', 'temperature': 23.8, 'precipitation': 0.0, 'wind_speed': 2.8}
{'city': 'Bandung', 'timestamp': '2025-10-28T00:00', 'temperature': 23.8, 'precipitation': 0.0, 'wind_speed': 2.8}
{'city': 'Bandung', 'timestamp': '2025-10-28T00:00', 'temperature': 23.8, 'precipitation': 0.0, 'wind_speed': 2.8}
{'city': 'Bandung', 'timestamp': '2025-10-28T00:00', 'temperature': 23.8, 'precipitation': 0.0, 'wind_speed': 2.8}
{'city': 'Bandung', 'timestamp': '2025-10-28T00:00', 'temperature': 23.8, 'precipitation': 0.0, 'wind_speed': 2.8}
{'city': 'Bandung', 'timestamp': '2025-10-28T00:00', 'temperature': 23.8, 'precipitation': 0.0, 'wind_speed': 2.8}
{'city': 'Bandung', 'timestamp': '2025-10-28T00:00', 'temperature': 23.8, 'precipitation': 0.0, 'wind_speed': 2.8}
{'city': 'Bandung', 'timestamp': '2025-10-28T00:00', 'temperature': 23.8, 'precipitation': 0.0, 'wind_speed': 2.8}
{'city': 'Bandung', 'timestamp': '2025-10-28T00:00', 'temperature': 23.8, 'precipitation': 0.0, 'wind_speed': 2.8}
{'city': 'Bandung', 'timestamp': '2025-10-28T00:00', 'temperature': 23.8, 'precipitation': 0.0, 'wind_speed': 2.8}
{'city': 'Bandung', 'timestamp': '2025-10-28T00:00', 'temperature': 23.8, 'precipitation': 0.0, 'wind_speed': 2.8}
{'city': 'Bandung', 'timestamp': '2025-10-28T00:00', 'temperature': 23.8, 'precipitation': 0.0, 'wind_speed': 2.8}
{'city': 'Bandung', 'timestamp': '2025-10-28T00:00', 'temperature': 23.8, 'precipitation': 0.0, 'wind_speed': 2.8}
{'city': 'Bandung', 'timestamp': '2025-10-28T00:00', 'temperature': 23.8, 'precipitation': 0.0, 'wind_speed': 2.8}
{'city': 'Bandung', 'timestamp': '2025-10-28T00:00', 'temperature': 23.8, 'precipitation': 0.0, 'wind_speed': 2.8}
{'city': 'Bandung', 'timestamp': '2025-10-28T00:15', 'temperature': 24.0, 'precipitation': 0.0, 'wind_speed': 2.5}
{'city': 'Bandung', 'timestamp': '2025-10-28T00:15', 'temperature': 24.0, 'precipitation': 0.0, 'wind_speed': 2.5}
{'city': 'Bandung', 'timestamp': '2025-10-28T00:15', 'temperature': 24.0, 'precipitation': 0.0, 'wind_speed': 2.5}
{'city': 'Bandung', 'timestamp': '2025-10-28T00:15', 'temperature': 24.0, 'precipitation': 0.0, 'wind_speed': 2.5}
{'city': 'Bandung', 'timestamp': '2025-10-28T00:15', 'temperature': 24.0, 'precipitation': 0.0, 'wind_speed': 2.5}
{'city': 'Bandung', 'timestamp': '2025-10-28T00:15', 'temperature': 24.0, 'precipitation': 0.0, 'wind_speed': 2.5}
{'city': 'Bandung', 'timestamp': '2025-10-28T00:15', 'temperature': 24.0, 'precipitation': 0.0, 'wind_speed': 2.5}
{'city': 'Bandung', 'timestamp': '2025-10-28T00:15', 'temperature': 24.0, 'precipitation': 0.0, 'wind_speed': 2.5}
{'city': 'Bandung', 'timestamp': '2025-10-28T00:15', 'temperature': 24.0, 'precipitation': 0.0, 'wind_speed': 2.5}
{'city': 'Bandung', 'timestamp': '2025-10-28T00:15', 'temperature': 24.0, 'precipitation': 0.0, 'wind_speed': 2.5}
{'city': 'Bandung', 'timestamp': '2025-10-28T00:15', 'temperature': 24.0, 'precipitation': 0.0, 'wind_speed': 2.5}
{'city': 'Bandung', 'timestamp': '2025-10-28T00:15', 'temperature': 24.0, 'precipitation': 0.0, 'wind_speed': 2.5}
{'city': 'Bandung', 'timestamp': '2025-10-28T00:15', 'temperature': 24.0, 'precipitation': 0.0, 'wind_speed': 2.5}
{'city': 'Bandung', 'timestamp': '2025-10-28T00:15', 'temperature': 24.0, 'precipitation': 0.0, 'wind_speed': 2.5}
{'city': 'Bandung', 'timestamp': '2025-10-28T00:15', 'temperature': 24.0, 'precipitation': 0.0, 'wind_speed': 2.5}
{'city': 'Bandung', 'timestamp': '2025-10-28T00:30', 'temperature': 24.2, 'precipitation': 0.0, 'wind_speed': 2.1}
{'city': 'Bandung', 'timestamp': '2025-10-28T00:30', 'temperature': 24.2, 'precipitation': 0.0, 'wind_speed': 2.1}
{'city': 'Bandung', 'timestamp': '2025-10-28T00:30', 'temperature': 24.2, 'precipitation': 0.0, 'wind_speed': 2.1}
{'city': 'Bandung', 'timestamp': '2025-10-28T00:30', 'temperature': 24.2, 'precipitation': 0.0, 'wind_speed': 2.1}
{'city': 'Bandung', 'timestamp': '2025-10-28T00:30', 'temperature': 24.2, 'precipitation': 0.0, 'wind_speed': 2.1}
{'city': 'Bandung', 'timestamp': '2025-10-28T00:30', 'temperature': 24.2, 'precipitation': 0.0, 'wind_speed': 2.1}
{'city': 'Bandung', 'timestamp': '2025-10-28T00:30', 'temperature': 24.2, 'precipitation': 0.0, 'wind_speed': 2.1}
{'city': 'Bandung', 'timestamp': '2025-10-28T00:30', 'temperature': 24.2, 'precipitation': 0.0, 'wind_speed': 2.1}
{'city': 'Bandung', 'timestamp': '2025-10-28T00:30', 'temperature': 24.2, 'precipitation': 0.0, 'wind_speed': 2.1}
{'city': 'Bandung', 'timestamp': '2025-10-28T00:30', 'temperature': 24.2, 'precipitation': 0.0, 'wind_speed': 2.1}
{'city': 'Bandung', 'timestamp': '2025-10-28T00:30', 'temperature': 24.2, 'precipitation': 0.0, 'wind_speed': 2.1}
{'city': 'Bandung', 'timestamp': '2025-10-28T00:30', 'temperature': 24.2, 'precipitation': 0.0, 'wind_speed': 2.1}
{'city': 'Bandung', 'timestamp': '2025-10-28T00:30', 'temperature': 24.2, 'precipitation': 0.0, 'wind_speed': 2.1}
{'city': 'Bandung', 'timestamp': '2025-10-28T00:30', 'temperature': 24.2, 'precipitation': 0.0, 'wind_speed': 2.1}
{'city': 'Bandung', 'timestamp': '2025-10-28T00:30', 'temperature': 24.2, 'precipitation': 0.0, 'wind_speed': 2.1}
{'city': 'Bandung', 'timestamp': '2025-10-28T00:45', 'temperature': 24.4, 'precipitation': 0.0, 'wind_speed': 1.8}
{'city': 'Bandung', 'timestamp': '2025-10-28T00:45', 'temperature': 24.4, 'precipitation': 0.0, 'wind_speed': 1.8}
{'city': 'Bandung', 'timestamp': '2025-10-28T00:45', 'temperature': 24.4, 'precipitation': 0.0, 'wind_speed': 1.8}
{'city': 'Bandung', 'timestamp': '2025-10-28T00:45', 'temperature': 24.4, 'precipitation': 0.0, 'wind_speed': 1.8}
{'city': 'Bandung', 'timestamp': '2025-10-28T00:45', 'temperature': 24.4, 'precipitation': 0.0, 'wind_speed': 1.8}
{'city': 'Bandung', 'timestamp': '2025-10-28T00:45', 'temperature': 24.4, 'precipitation': 0.0, 'wind_speed': 1.8}
{'city': 'Bandung', 'timestamp': '2025-10-28T00:45', 'temperature': 24.4, 'precipitation': 0.0, 'wind_speed': 1.8}
{'city': 'Bandung', 'timestamp': '2025-10-28T00:45', 'temperature': 24.4, 'precipitation': 0.0, 'wind_speed': 1.8}
{'city': 'Bandung', 'timestamp': '2025-10-28T00:45', 'temperature': 24.4, 'precipitation': 0.0, 'wind_speed': 1.8}
{'city': 'Bandung', 'timestamp': '2025-10-28T00:45', 'temperature': 24.4, 'precipitation': 0.0, 'wind_speed': 1.8}
{'city': 'Bandung', 'timestamp': '2025-10-28T00:45', 'temperature': 24.4, 'precipitation': 0.0, 'wind_speed': 1.8}
{'city': 'Bandung', 'timestamp': '2025-10-28T00:45', 'temperature': 24.4, 'precipitation': 0.0, 'wind_speed': 1.8}
{'city': 'Bandung', 'timestamp': '2025-10-28T00:45', 'temperature': 24.4, 'precipitation': 0.0, 'wind_speed': 1.8}
{'city': 'Bandung', 'timestamp': '2025-10-28T00:45', 'temperature': 24.4, 'precipitation': 0.0, 'wind_speed': 1.8}
{'city': 'Bandung', 'timestamp': '2025-10-28T00:45', 'temperature': 24.4, 'precipitation': 0.0, 'wind_speed': 1.8}
{'city': 'Bandung', 'timestamp': '2025-10-28T01:00', 'temperature': 24.5, 'precipitation': 0.0, 'wind_speed': 1.8}
{'city': 'Bandung', 'timestamp': '2025-10-28T01:00', 'temperature': 24.5, 'precipitation': 0.0, 'wind_speed': 1.8}
{'city': 'Bandung', 'timestamp': '2025-10-28T01:00', 'temperature': 24.5, 'precipitation': 0.0, 'wind_speed': 1.8}
{'city': 'Bandung', 'timestamp': '2025-10-28T01:00', 'temperature': 24.5, 'precipitation': 0.0, 'wind_speed': 1.8}
{'city': 'Bandung', 'timestamp': '2025-10-28T01:00', 'temperature': 24.5, 'precipitation': 0.0, 'wind_speed': 1.8}
{'city': 'Bandung', 'timestamp': '2025-10-28T01:00', 'temperature': 24.5, 'precipitation': 0.0, 'wind_speed': 1.8}
{'city': 'Bandung', 'timestamp': '2025-10-28T01:00', 'temperature': 24.5, 'precipitation': 0.0, 'wind_speed': 1.8}
{'city': 'Bandung', 'timestamp': '2025-10-28T01:00', 'temperature': 24.5, 'precipitation': 0.0, 'wind_speed': 1.8}
{'city': 'Bandung', 'timestamp': '2025-10-28T01:00', 'temperature': 24.5, 'precipitation': 0.0, 'wind_speed': 1.8}
{'city': 'Bandung', 'timestamp': '2025-10-28T01:00', 'temperature': 24.5, 'precipitation': 0.0, 'wind_speed': 1.8}
{'city': 'Bandung', 'timestamp': '2025-10-28T01:00', 'temperature': 24.5, 'precipitation': 0.0, 'wind_speed': 1.8}
{'city': 'Bandung', 'timestamp': '2025-10-28T01:00', 'temperature': 24.5, 'precipitation': 0.0, 'wind_speed': 1.8}
{'city': 'Bandung', 'timestamp': '2025-10-28T01:00', 'temperature': 24.5, 'precipitation': 0.0, 'wind_speed': 1.8}
{'city': 'Bandung', 'timestamp': '2025-10-28T01:00', 'temperature': 24.5, 'precipitation': 0.0, 'wind_speed': 1.8}
{'city': 'Bandung', 'timestamp': '2025-10-28T01:15', 'temperature': 24.8, 'precipitation': 0.0, 'wind_speed': 1.8}
{'city': 'Bandung', 'timestamp': '2025-10-28T01:15', 'temperature': 24.8, 'precipitation': 0.0, 'wind_speed': 1.8}
{'city': 'Bandung', 'timestamp': '2025-10-28T01:15', 'temperature': 24.8, 'precipitation': 0.0, 'wind_speed': 1.8}
{'city': 'Bandung', 'timestamp': '2025-10-28T01:15', 'temperature': 24.8, 'precipitation': 0.0, 'wind_speed': 1.8}
{'city': 'Bandung', 'timestamp': '2025-10-28T01:15', 'temperature': 24.8, 'precipitation': 0.0, 'wind_speed': 1.8}
{'city': 'Bandung', 'timestamp': '2025-10-28T01:15', 'temperature': 24.8, 'precipitation': 0.0, 'wind_speed': 1.8}
{'city': 'Bandung', 'timestamp': '2025-10-28T01:15', 'temperature': 24.8, 'precipitation': 0.0, 'wind_speed': 1.8}
{'city': 'Bandung', 'timestamp': '2025-10-28T01:15', 'temperature': 24.8, 'precipitation': 0.0, 'wind_speed': 1.8}
{'city': 'Bandung', 'timestamp': '2025-10-28T01:15', 'temperature': 24.8, 'precipitation': 0.0, 'wind_speed': 1.8}
{'city': 'Bandung', 'timestamp': '2025-10-28T01:15', 'temperature': 24.8, 'precipitation': 0.0, 'wind_speed': 1.8}
{'city': 'Bandung', 'timestamp': '2025-10-28T01:15', 'temperature': 24.8, 'precipitation': 0.0, 'wind_speed': 1.8}
{'city': 'Bandung', 'timestamp': '2025-10-28T01:15', 'temperature': 24.8, 'precipitation': 0.0, 'wind_speed': 1.8}
{'city': 'Bandung', 'timestamp': '2025-10-28T01:15', 'temperature': 24.8, 'precipitation': 0.0, 'wind_speed': 1.8}
{'city': 'Bandung', 'timestamp': '2025-10-28T01:15', 'temperature': 24.8, 'precipitation': 0.0, 'wind_speed': 1.8}
{'city': 'Bandung', 'timestamp': '2025-10-28T01:15', 'temperature': 24.8, 'precipitation': 0.0, 'wind_speed': 1.8}
Traceback (most recent call last):
  File "/home/sanju3291/.cache/pypoetry/virtualenvs/mini-etl-env-C3uzeoFv-py3.12/lib/python3.12/site-packages/urllib3/connectionpool.py", line 464, in _make_request
    self._validate_conn(conn)
  File "/home/sanju3291/.cache/pypoetry/virtualenvs/mini-etl-env-C3uzeoFv-py3.12/lib/python3.12/site-packages/urllib3/connectionpool.py", line 1093, in _validate_conn
    conn.connect()
  File "/home/sanju3291/.cache/pypoetry/virtualenvs/mini-etl-env-C3uzeoFv-py3.12/lib/python3.12/site-packages/urllib3/connection.py", line 790, in connect
    sock_and_verified = _ssl_wrap_socket_and_match_hostname(
                        ^^^^^^^^^^^^^^^^^^^^^^^^^^^^^^^^^^^^
  File "/home/sanju3291/.cache/pypoetry/virtualenvs/mini-etl-env-C3uzeoFv-py3.12/lib/python3.12/site-packages/urllib3/connection.py", line 969, in _ssl_wrap_socket_and_match_hostname
    ssl_sock = ssl_wrap_socket(
               ^^^^^^^^^^^^^^^^
  File "/home/sanju3291/.cache/pypoetry/virtualenvs/mini-etl-env-C3uzeoFv-py3.12/lib/python3.12/site-packages/urllib3/util/ssl_.py", line 480, in ssl_wrap_socket
    ssl_sock = _ssl_wrap_socket_impl(sock, context, tls_in_tls, server_hostname)
               ^^^^^^^^^^^^^^^^^^^^^^^^^^^^^^^^^^^^^^^^^^^^^^^^^^^^^^^^^^^^^^^^^
  File "/home/sanju3291/.cache/pypoetry/virtualenvs/mini-etl-env-C3uzeoFv-py3.12/lib/python3.12/site-packages/urllib3/util/ssl_.py", line 524, in _ssl_wrap_socket_impl
    return ssl_context.wrap_socket(sock, server_hostname=server_hostname)
           ^^^^^^^^^^^^^^^^^^^^^^^^^^^^^^^^^^^^^^^^^^^^^^^^^^^^^^^^^^^^^^
  File "/usr/lib/python3.12/ssl.py", line 455, in wrap_socket
    return self.sslsocket_class._create(
           ^^^^^^^^^^^^^^^^^^^^^^^^^^^^^
  File "/usr/lib/python3.12/ssl.py", line 1042, in _create
    self.do_handshake()
  File "/usr/lib/python3.12/ssl.py", line 1320, in do_handshake
    self._sslobj.do_handshake()
TimeoutError: [Errno 110] Connection timed out

The above exception was the direct cause of the following exception:

Traceback (most recent call last):
  File "/home/sanju3291/.cache/pypoetry/virtualenvs/mini-etl-env-C3uzeoFv-py3.12/lib/python3.12/site-packages/requests/adapters.py", line 644, in send
    resp = conn.urlopen(
           ^^^^^^^^^^^^^
  File "/home/sanju3291/.cache/pypoetry/virtualenvs/mini-etl-env-C3uzeoFv-py3.12/lib/python3.12/site-packages/urllib3/connectionpool.py", line 841, in urlopen
    retries = retries.increment(
              ^^^^^^^^^^^^^^^^^^
  File "/home/sanju3291/.cache/pypoetry/virtualenvs/mini-etl-env-C3uzeoFv-py3.12/lib/python3.12/site-packages/urllib3/util/retry.py", line 474, in increment
    raise reraise(type(error), error, _stacktrace)
          ^^^^^^^^^^^^^^^^^^^^^^^^^^^^^^^^^^^^^^^^
  File "/home/sanju3291/.cache/pypoetry/virtualenvs/mini-etl-env-C3uzeoFv-py3.12/lib/python3.12/site-packages/urllib3/util/util.py", line 39, in reraise
    raise value
  File "/home/sanju3291/.cache/pypoetry/virtualenvs/mini-etl-env-C3uzeoFv-py3.12/lib/python3.12/site-packages/urllib3/connectionpool.py", line 787, in urlopen
    response = self._make_request(
               ^^^^^^^^^^^^^^^^^^^
  File "/home/sanju3291/.cache/pypoetry/virtualenvs/mini-etl-env-C3uzeoFv-py3.12/lib/python3.12/site-packages/urllib3/connectionpool.py", line 488, in _make_request
    raise new_e
  File "/home/sanju3291/.cache/pypoetry/virtualenvs/mini-etl-env-C3uzeoFv-py3.12/lib/python3.12/site-packages/urllib3/connectionpool.py", line 466, in _make_request
    self._raise_timeout(err=e, url=url, timeout_value=conn.timeout)
  File "/home/sanju3291/.cache/pypoetry/virtualenvs/mini-etl-env-C3uzeoFv-py3.12/lib/python3.12/site-packages/urllib3/connectionpool.py", line 367, in _raise_timeout
    raise ReadTimeoutError(
urllib3.exceptions.ReadTimeoutError: HTTPSConnectionPool(host='api.open-meteo.com', port=443): Read timed out. (read timeout=None)

During handling of the above exception, another exception occurred:

Traceback (most recent call last):
  File "/home/sanju3291/phase2-project/src/main.py", line 33, in <module>
    raw = extract(source,params)
          ^^^^^^^^^^^^^^^^^^^^^^
  File "/home/sanju3291/phase2-project/src/extract.py", line 8, in extract
    response = requests.get(url)
               ^^^^^^^^^^^^^^^^^
  File "/home/sanju3291/.cache/pypoetry/virtualenvs/mini-etl-env-C3uzeoFv-py3.12/lib/python3.12/site-packages/requests/api.py", line 73, in get
    return request("get", url, params=params, **kwargs)
           ^^^^^^^^^^^^^^^^^^^^^^^^^^^^^^^^^^^^^^^^^^^^
  File "/home/sanju3291/.cache/pypoetry/virtualenvs/mini-etl-env-C3uzeoFv-py3.12/lib/python3.12/site-packages/requests/api.py", line 59, in request
    return session.request(method=method, url=url, **kwargs)
           ^^^^^^^^^^^^^^^^^^^^^^^^^^^^^^^^^^^^^^^^^^^^^^^^^
  File "/home/sanju3291/.cache/pypoetry/virtualenvs/mini-etl-env-C3uzeoFv-py3.12/lib/python3.12/site-packages/requests/sessions.py", line 589, in request
    resp = self.send(prep, **send_kwargs)
           ^^^^^^^^^^^^^^^^^^^^^^^^^^^^^^
  File "/home/sanju3291/.cache/pypoetry/virtualenvs/mini-etl-env-C3uzeoFv-py3.12/lib/python3.12/site-packages/requests/sessions.py", line 703, in send
    r = adapter.send(request, **kwargs)
        ^^^^^^^^^^^^^^^^^^^^^^^^^^^^^^^
  File "/home/sanju3291/.cache/pypoetry/virtualenvs/mini-etl-env-C3uzeoFv-py3.12/lib/python3.12/site-packages/requests/adapters.py", line 690, in send
    raise ReadTimeout(e, request=request)
requests.exceptions.ReadTimeout: HTTPSConnectionPool(host='api.open-meteo.com', port=443): Read timed out. (read timeout=None)

During handling of the above exception, another exception occurred:

Traceback (most recent call last):
  File "/home/sanju3291/phase2-project/src/main.py", line 37, in <module>
    logging.error(f"Pipeline failed: {e}")
    ^^^^^^^^^^^^^
AttributeError: 'NoneType' object has no attribute 'error'
{'city': 'Bandung', 'timestamp': '2025-10-28T01:30', 'temperature': 25.0, 'precipitation': 0.0, 'wind_speed': 2.1}
{'city': 'Bandung', 'timestamp': '2025-10-28T01:30', 'temperature': 25.0, 'precipitation': 0.0, 'wind_speed': 2.1}
{'city': 'Bandung', 'timestamp': '2025-10-28T01:30', 'temperature': 25.0, 'precipitation': 0.0, 'wind_speed': 2.1}
{'city': 'Bandung', 'timestamp': '2025-10-28T01:30', 'temperature': 25.0, 'precipitation': 0.0, 'wind_speed': 2.1}
{'city': 'Bandung', 'timestamp': '2025-10-28T01:30', 'temperature': 25.0, 'precipitation': 0.0, 'wind_speed': 2.1}
{'city': 'Bandung', 'timestamp': '2025-10-28T01:30', 'temperature': 25.0, 'precipitation': 0.0, 'wind_speed': 2.1}
Traceback (most recent call last):
  File "/home/sanju3291/.cache/pypoetry/virtualenvs/mini-etl-env-C3uzeoFv-py3.12/lib/python3.12/site-packages/urllib3/connection.py", line 198, in _new_conn
    sock = connection.create_connection(
           ^^^^^^^^^^^^^^^^^^^^^^^^^^^^^
  File "/home/sanju3291/.cache/pypoetry/virtualenvs/mini-etl-env-C3uzeoFv-py3.12/lib/python3.12/site-packages/urllib3/util/connection.py", line 60, in create_connection
    for res in socket.getaddrinfo(host, port, family, socket.SOCK_STREAM):
               ^^^^^^^^^^^^^^^^^^^^^^^^^^^^^^^^^^^^^^^^^^^^^^^^^^^^^^^^^^
  File "/usr/lib/python3.12/socket.py", line 963, in getaddrinfo
    for res in _socket.getaddrinfo(host, port, family, type, proto, flags):
               ^^^^^^^^^^^^^^^^^^^^^^^^^^^^^^^^^^^^^^^^^^^^^^^^^^^^^^^^^^^
socket.gaierror: [Errno -3] Temporary failure in name resolution

The above exception was the direct cause of the following exception:

Traceback (most recent call last):
  File "/home/sanju3291/.cache/pypoetry/virtualenvs/mini-etl-env-C3uzeoFv-py3.12/lib/python3.12/site-packages/urllib3/connectionpool.py", line 787, in urlopen
    response = self._make_request(
               ^^^^^^^^^^^^^^^^^^^
  File "/home/sanju3291/.cache/pypoetry/virtualenvs/mini-etl-env-C3uzeoFv-py3.12/lib/python3.12/site-packages/urllib3/connectionpool.py", line 488, in _make_request
    raise new_e
  File "/home/sanju3291/.cache/pypoetry/virtualenvs/mini-etl-env-C3uzeoFv-py3.12/lib/python3.12/site-packages/urllib3/connectionpool.py", line 464, in _make_request
    self._validate_conn(conn)
  File "/home/sanju3291/.cache/pypoetry/virtualenvs/mini-etl-env-C3uzeoFv-py3.12/lib/python3.12/site-packages/urllib3/connectionpool.py", line 1093, in _validate_conn
    conn.connect()
  File "/home/sanju3291/.cache/pypoetry/virtualenvs/mini-etl-env-C3uzeoFv-py3.12/lib/python3.12/site-packages/urllib3/connection.py", line 753, in connect
    self.sock = sock = self._new_conn()
                       ^^^^^^^^^^^^^^^^
  File "/home/sanju3291/.cache/pypoetry/virtualenvs/mini-etl-env-C3uzeoFv-py3.12/lib/python3.12/site-packages/urllib3/connection.py", line 205, in _new_conn
    raise NameResolutionError(self.host, self, e) from e
urllib3.exceptions.NameResolutionError: <urllib3.connection.HTTPSConnection object at 0x7014848c3770>: Failed to resolve 'api.open-meteo.com' ([Errno -3] Temporary failure in name resolution)

The above exception was the direct cause of the following exception:

Traceback (most recent call last):
  File "/home/sanju3291/.cache/pypoetry/virtualenvs/mini-etl-env-C3uzeoFv-py3.12/lib/python3.12/site-packages/requests/adapters.py", line 644, in send
    resp = conn.urlopen(
           ^^^^^^^^^^^^^
  File "/home/sanju3291/.cache/pypoetry/virtualenvs/mini-etl-env-C3uzeoFv-py3.12/lib/python3.12/site-packages/urllib3/connectionpool.py", line 841, in urlopen
    retries = retries.increment(
              ^^^^^^^^^^^^^^^^^^
  File "/home/sanju3291/.cache/pypoetry/virtualenvs/mini-etl-env-C3uzeoFv-py3.12/lib/python3.12/site-packages/urllib3/util/retry.py", line 519, in increment
    raise MaxRetryError(_pool, url, reason) from reason  # type: ignore[arg-type]
    ^^^^^^^^^^^^^^^^^^^^^^^^^^^^^^^^^^^^^^^^^^^^^^^^^^^
urllib3.exceptions.MaxRetryError: HTTPSConnectionPool(host='api.open-meteo.com', port=443): Max retries exceeded with url: /v1/forecast?latitude=-6.9&longitude=107.6&current=temperature_2m,precipitation,wind_speed_10m (Caused by NameResolutionError("<urllib3.connection.HTTPSConnection object at 0x7014848c3770>: Failed to resolve 'api.open-meteo.com' ([Errno -3] Temporary failure in name resolution)"))

During handling of the above exception, another exception occurred:

Traceback (most recent call last):
  File "/home/sanju3291/phase2-project/src/main.py", line 33, in <module>
    raw = extract(source,params)
          ^^^^^^^^^^^^^^^^^^^^^^
  File "/home/sanju3291/phase2-project/src/extract.py", line 8, in extract
    response = requests.get(url)
               ^^^^^^^^^^^^^^^^^
  File "/home/sanju3291/.cache/pypoetry/virtualenvs/mini-etl-env-C3uzeoFv-py3.12/lib/python3.12/site-packages/requests/api.py", line 73, in get
    return request("get", url, params=params, **kwargs)
           ^^^^^^^^^^^^^^^^^^^^^^^^^^^^^^^^^^^^^^^^^^^^
  File "/home/sanju3291/.cache/pypoetry/virtualenvs/mini-etl-env-C3uzeoFv-py3.12/lib/python3.12/site-packages/requests/api.py", line 59, in request
    return session.request(method=method, url=url, **kwargs)
           ^^^^^^^^^^^^^^^^^^^^^^^^^^^^^^^^^^^^^^^^^^^^^^^^^
  File "/home/sanju3291/.cache/pypoetry/virtualenvs/mini-etl-env-C3uzeoFv-py3.12/lib/python3.12/site-packages/requests/sessions.py", line 589, in request
    resp = self.send(prep, **send_kwargs)
           ^^^^^^^^^^^^^^^^^^^^^^^^^^^^^^
  File "/home/sanju3291/.cache/pypoetry/virtualenvs/mini-etl-env-C3uzeoFv-py3.12/lib/python3.12/site-packages/requests/sessions.py", line 703, in send
    r = adapter.send(request, **kwargs)
        ^^^^^^^^^^^^^^^^^^^^^^^^^^^^^^^
  File "/home/sanju3291/.cache/pypoetry/virtualenvs/mini-etl-env-C3uzeoFv-py3.12/lib/python3.12/site-packages/requests/adapters.py", line 677, in send
    raise ConnectionError(e, request=request)
requests.exceptions.ConnectionError: HTTPSConnectionPool(host='api.open-meteo.com', port=443): Max retries exceeded with url: /v1/forecast?latitude=-6.9&longitude=107.6&current=temperature_2m,precipitation,wind_speed_10m (Caused by NameResolutionError("<urllib3.connection.HTTPSConnection object at 0x7014848c3770>: Failed to resolve 'api.open-meteo.com' ([Errno -3] Temporary failure in name resolution)"))

During handling of the above exception, another exception occurred:

Traceback (most recent call last):
  File "/home/sanju3291/phase2-project/src/main.py", line 37, in <module>
    logging.error(f"Pipeline failed: {e}")
    ^^^^^^^^^^^^^
AttributeError: 'NoneType' object has no attribute 'error'
Traceback (most recent call last):
  File "/home/sanju3291/.cache/pypoetry/virtualenvs/mini-etl-env-C3uzeoFv-py3.12/lib/python3.12/site-packages/urllib3/connection.py", line 198, in _new_conn
    sock = connection.create_connection(
           ^^^^^^^^^^^^^^^^^^^^^^^^^^^^^
  File "/home/sanju3291/.cache/pypoetry/virtualenvs/mini-etl-env-C3uzeoFv-py3.12/lib/python3.12/site-packages/urllib3/util/connection.py", line 60, in create_connection
    for res in socket.getaddrinfo(host, port, family, socket.SOCK_STREAM):
               ^^^^^^^^^^^^^^^^^^^^^^^^^^^^^^^^^^^^^^^^^^^^^^^^^^^^^^^^^^
  File "/usr/lib/python3.12/socket.py", line 963, in getaddrinfo
    for res in _socket.getaddrinfo(host, port, family, type, proto, flags):
               ^^^^^^^^^^^^^^^^^^^^^^^^^^^^^^^^^^^^^^^^^^^^^^^^^^^^^^^^^^^
socket.gaierror: [Errno -3] Temporary failure in name resolution

The above exception was the direct cause of the following exception:

Traceback (most recent call last):
  File "/home/sanju3291/.cache/pypoetry/virtualenvs/mini-etl-env-C3uzeoFv-py3.12/lib/python3.12/site-packages/urllib3/connectionpool.py", line 787, in urlopen
    response = self._make_request(
               ^^^^^^^^^^^^^^^^^^^
  File "/home/sanju3291/.cache/pypoetry/virtualenvs/mini-etl-env-C3uzeoFv-py3.12/lib/python3.12/site-packages/urllib3/connectionpool.py", line 488, in _make_request
    raise new_e
  File "/home/sanju3291/.cache/pypoetry/virtualenvs/mini-etl-env-C3uzeoFv-py3.12/lib/python3.12/site-packages/urllib3/connectionpool.py", line 464, in _make_request
    self._validate_conn(conn)
  File "/home/sanju3291/.cache/pypoetry/virtualenvs/mini-etl-env-C3uzeoFv-py3.12/lib/python3.12/site-packages/urllib3/connectionpool.py", line 1093, in _validate_conn
    conn.connect()
  File "/home/sanju3291/.cache/pypoetry/virtualenvs/mini-etl-env-C3uzeoFv-py3.12/lib/python3.12/site-packages/urllib3/connection.py", line 753, in connect
    self.sock = sock = self._new_conn()
                       ^^^^^^^^^^^^^^^^
  File "/home/sanju3291/.cache/pypoetry/virtualenvs/mini-etl-env-C3uzeoFv-py3.12/lib/python3.12/site-packages/urllib3/connection.py", line 205, in _new_conn
    raise NameResolutionError(self.host, self, e) from e
urllib3.exceptions.NameResolutionError: <urllib3.connection.HTTPSConnection object at 0x7f4055c14d70>: Failed to resolve 'api.open-meteo.com' ([Errno -3] Temporary failure in name resolution)

The above exception was the direct cause of the following exception:

Traceback (most recent call last):
  File "/home/sanju3291/.cache/pypoetry/virtualenvs/mini-etl-env-C3uzeoFv-py3.12/lib/python3.12/site-packages/requests/adapters.py", line 644, in send
    resp = conn.urlopen(
           ^^^^^^^^^^^^^
  File "/home/sanju3291/.cache/pypoetry/virtualenvs/mini-etl-env-C3uzeoFv-py3.12/lib/python3.12/site-packages/urllib3/connectionpool.py", line 841, in urlopen
    retries = retries.increment(
              ^^^^^^^^^^^^^^^^^^
  File "/home/sanju3291/.cache/pypoetry/virtualenvs/mini-etl-env-C3uzeoFv-py3.12/lib/python3.12/site-packages/urllib3/util/retry.py", line 519, in increment
    raise MaxRetryError(_pool, url, reason) from reason  # type: ignore[arg-type]
    ^^^^^^^^^^^^^^^^^^^^^^^^^^^^^^^^^^^^^^^^^^^^^^^^^^^
urllib3.exceptions.MaxRetryError: HTTPSConnectionPool(host='api.open-meteo.com', port=443): Max retries exceeded with url: /v1/forecast?latitude=-6.9&longitude=107.6&current=temperature_2m,precipitation,wind_speed_10m (Caused by NameResolutionError("<urllib3.connection.HTTPSConnection object at 0x7f4055c14d70>: Failed to resolve 'api.open-meteo.com' ([Errno -3] Temporary failure in name resolution)"))

During handling of the above exception, another exception occurred:

Traceback (most recent call last):
  File "/home/sanju3291/phase2-project/src/main.py", line 33, in <module>
    raw = extract(source,params)
          ^^^^^^^^^^^^^^^^^^^^^^
  File "/home/sanju3291/phase2-project/src/extract.py", line 8, in extract
    response = requests.get(url)
               ^^^^^^^^^^^^^^^^^
  File "/home/sanju3291/.cache/pypoetry/virtualenvs/mini-etl-env-C3uzeoFv-py3.12/lib/python3.12/site-packages/requests/api.py", line 73, in get
    return request("get", url, params=params, **kwargs)
           ^^^^^^^^^^^^^^^^^^^^^^^^^^^^^^^^^^^^^^^^^^^^
  File "/home/sanju3291/.cache/pypoetry/virtualenvs/mini-etl-env-C3uzeoFv-py3.12/lib/python3.12/site-packages/requests/api.py", line 59, in request
    return session.request(method=method, url=url, **kwargs)
           ^^^^^^^^^^^^^^^^^^^^^^^^^^^^^^^^^^^^^^^^^^^^^^^^^
  File "/home/sanju3291/.cache/pypoetry/virtualenvs/mini-etl-env-C3uzeoFv-py3.12/lib/python3.12/site-packages/requests/sessions.py", line 589, in request
    resp = self.send(prep, **send_kwargs)
           ^^^^^^^^^^^^^^^^^^^^^^^^^^^^^^
  File "/home/sanju3291/.cache/pypoetry/virtualenvs/mini-etl-env-C3uzeoFv-py3.12/lib/python3.12/site-packages/requests/sessions.py", line 703, in send
    r = adapter.send(request, **kwargs)
        ^^^^^^^^^^^^^^^^^^^^^^^^^^^^^^^
  File "/home/sanju3291/.cache/pypoetry/virtualenvs/mini-etl-env-C3uzeoFv-py3.12/lib/python3.12/site-packages/requests/adapters.py", line 677, in send
    raise ConnectionError(e, request=request)
requests.exceptions.ConnectionError: HTTPSConnectionPool(host='api.open-meteo.com', port=443): Max retries exceeded with url: /v1/forecast?latitude=-6.9&longitude=107.6&current=temperature_2m,precipitation,wind_speed_10m (Caused by NameResolutionError("<urllib3.connection.HTTPSConnection object at 0x7f4055c14d70>: Failed to resolve 'api.open-meteo.com' ([Errno -3] Temporary failure in name resolution)"))

During handling of the above exception, another exception occurred:

Traceback (most recent call last):
  File "/home/sanju3291/phase2-project/src/main.py", line 37, in <module>
    logging.error(f"Pipeline failed: {e}")
    ^^^^^^^^^^^^^
AttributeError: 'NoneType' object has no attribute 'error'
{'city': 'Bandung', 'timestamp': '2025-10-28T01:30', 'temperature': 25.0, 'precipitation': 0.0, 'wind_speed': 2.1}
{'city': 'Bandung', 'timestamp': '2025-10-28T01:30', 'temperature': 25.0, 'precipitation': 0.0, 'wind_speed': 2.1}
{'city': 'Bandung', 'timestamp': '2025-10-28T01:30', 'temperature': 25.0, 'precipitation': 0.0, 'wind_speed': 2.1}
{'city': 'Bandung', 'timestamp': '2025-10-28T01:30', 'temperature': 25.0, 'precipitation': 0.0, 'wind_speed': 2.1}
{'city': 'Bandung', 'timestamp': '2025-10-28T01:30', 'temperature': 25.0, 'precipitation': 0.0, 'wind_speed': 2.1}
{'city': 'Bandung', 'timestamp': '2025-10-28T01:30', 'temperature': 25.0, 'precipitation': 0.0, 'wind_speed': 2.1}
{'city': 'Bandung', 'timestamp': '2025-10-28T01:30', 'temperature': 25.0, 'precipitation': 0.0, 'wind_speed': 2.1}
{'city': 'Bandung', 'timestamp': '2025-10-28T01:45', 'temperature': 25.2, 'precipitation': 0.0, 'wind_speed': 2.6}
{'city': 'Bandung', 'timestamp': '2025-10-28T01:45', 'temperature': 25.2, 'precipitation': 0.0, 'wind_speed': 2.6}
{'city': 'Bandung', 'timestamp': '2025-10-28T01:45', 'temperature': 25.2, 'precipitation': 0.0, 'wind_speed': 2.6}
{'city': 'Bandung', 'timestamp': '2025-10-28T01:45', 'temperature': 25.2, 'precipitation': 0.0, 'wind_speed': 2.6}
{'city': 'Bandung', 'timestamp': '2025-10-28T01:45', 'temperature': 25.2, 'precipitation': 0.0, 'wind_speed': 2.6}
{'city': 'Bandung', 'timestamp': '2025-10-28T01:45', 'temperature': 25.2, 'precipitation': 0.0, 'wind_speed': 2.6}
{'city': 'Bandung', 'timestamp': '2025-10-28T01:45', 'temperature': 25.2, 'precipitation': 0.0, 'wind_speed': 2.6}
{'city': 'Bandung', 'timestamp': '2025-10-28T01:45', 'temperature': 25.2, 'precipitation': 0.0, 'wind_speed': 2.6}
{'city': 'Bandung', 'timestamp': '2025-10-28T01:45', 'temperature': 25.2, 'precipitation': 0.0, 'wind_speed': 2.6}
{'city': 'Bandung', 'timestamp': '2025-10-28T01:45', 'temperature': 25.2, 'precipitation': 0.0, 'wind_speed': 2.6}
{'city': 'Bandung', 'timestamp': '2025-10-28T01:45', 'temperature': 25.2, 'precipitation': 0.0, 'wind_speed': 2.6}
{'city': 'Bandung', 'timestamp': '2025-10-28T01:45', 'temperature': 25.2, 'precipitation': 0.0, 'wind_speed': 2.6}
{'city': 'Bandung', 'timestamp': '2025-10-28T01:45', 'temperature': 25.2, 'precipitation': 0.0, 'wind_speed': 2.6}
{'city': 'Bandung', 'timestamp': '2025-10-28T01:45', 'temperature': 25.2, 'precipitation': 0.0, 'wind_speed': 2.6}
{'city': 'Bandung', 'timestamp': '2025-10-28T01:45', 'temperature': 25.2, 'precipitation': 0.0, 'wind_speed': 2.6}
{'city': 'Bandung', 'timestamp': '2025-10-28T02:00', 'temperature': 25.5, 'precipitation': 0.0, 'wind_speed': 2.9}
{'city': 'Bandung', 'timestamp': '2025-10-28T02:00', 'temperature': 25.5, 'precipitation': 0.0, 'wind_speed': 2.9}
{'city': 'Bandung', 'timestamp': '2025-10-28T02:00', 'temperature': 25.5, 'precipitation': 0.0, 'wind_speed': 2.9}
{'city': 'Bandung', 'timestamp': '2025-10-28T02:00', 'temperature': 25.5, 'precipitation': 0.0, 'wind_speed': 2.9}
{'city': 'Bandung', 'timestamp': '2025-10-28T02:00', 'temperature': 25.5, 'precipitation': 0.0, 'wind_speed': 2.9}
{'city': 'Bandung', 'timestamp': '2025-10-28T02:00', 'temperature': 25.5, 'precipitation': 0.0, 'wind_speed': 2.9}
{'city': 'Bandung', 'timestamp': '2025-10-28T02:00', 'temperature': 25.5, 'precipitation': 0.0, 'wind_speed': 2.9}
{'city': 'Bandung', 'timestamp': '2025-10-28T02:00', 'temperature': 25.5, 'precipitation': 0.0, 'wind_speed': 2.9}
{'city': 'Bandung', 'timestamp': '2025-10-28T02:00', 'temperature': 25.5, 'precipitation': 0.0, 'wind_speed': 2.9}
{'city': 'Bandung', 'timestamp': '2025-10-28T02:00', 'temperature': 25.5, 'precipitation': 0.0, 'wind_speed': 2.9}
{'city': 'Bandung', 'timestamp': '2025-10-28T02:00', 'temperature': 25.5, 'precipitation': 0.0, 'wind_speed': 2.9}
{'city': 'Bandung', 'timestamp': '2025-10-28T02:00', 'temperature': 25.5, 'precipitation': 0.0, 'wind_speed': 2.9}
{'city': 'Bandung', 'timestamp': '2025-10-28T02:00', 'temperature': 25.5, 'precipitation': 0.0, 'wind_speed': 2.9}
{'city': 'Bandung', 'timestamp': '2025-10-28T02:00', 'temperature': 25.5, 'precipitation': 0.0, 'wind_speed': 2.9}
{'city': 'Bandung', 'timestamp': '2025-10-28T02:00', 'temperature': 25.5, 'precipitation': 0.0, 'wind_speed': 2.9}
{'city': 'Bandung', 'timestamp': '2025-10-28T02:15', 'temperature': 25.6, 'precipitation': 0.0, 'wind_speed': 3.6}
{'city': 'Bandung', 'timestamp': '2025-10-28T02:15', 'temperature': 25.6, 'precipitation': 0.0, 'wind_speed': 3.6}
{'city': 'Bandung', 'timestamp': '2025-10-28T02:15', 'temperature': 25.6, 'precipitation': 0.0, 'wind_speed': 3.6}
{'city': 'Bandung', 'timestamp': '2025-10-28T02:15', 'temperature': 25.6, 'precipitation': 0.0, 'wind_speed': 3.6}
{'city': 'Bandung', 'timestamp': '2025-10-28T02:15', 'temperature': 25.6, 'precipitation': 0.0, 'wind_speed': 3.6}
{'city': 'Bandung', 'timestamp': '2025-10-28T02:15', 'temperature': 25.6, 'precipitation': 0.0, 'wind_speed': 3.6}
{'city': 'Bandung', 'timestamp': '2025-10-28T02:15', 'temperature': 25.6, 'precipitation': 0.0, 'wind_speed': 3.6}
{'city': 'Bandung', 'timestamp': '2025-10-28T02:15', 'temperature': 25.6, 'precipitation': 0.0, 'wind_speed': 3.6}
{'city': 'Bandung', 'timestamp': '2025-10-28T02:15', 'temperature': 25.6, 'precipitation': 0.0, 'wind_speed': 3.6}
{'city': 'Bandung', 'timestamp': '2025-10-28T02:15', 'temperature': 25.6, 'precipitation': 0.0, 'wind_speed': 3.6}
{'city': 'Bandung', 'timestamp': '2025-10-28T02:15', 'temperature': 25.6, 'precipitation': 0.0, 'wind_speed': 3.6}
{'city': 'Bandung', 'timestamp': '2025-10-28T02:15', 'temperature': 25.6, 'precipitation': 0.0, 'wind_speed': 3.6}
{'city': 'Bandung', 'timestamp': '2025-10-28T02:15', 'temperature': 25.6, 'precipitation': 0.0, 'wind_speed': 3.6}
{'city': 'Bandung', 'timestamp': '2025-10-28T02:15', 'temperature': 25.6, 'precipitation': 0.0, 'wind_speed': 3.6}
{'city': 'Bandung', 'timestamp': '2025-10-28T02:15', 'temperature': 25.6, 'precipitation': 0.0, 'wind_speed': 3.6}
{'city': 'Bandung', 'timestamp': '2025-10-28T02:30', 'temperature': 25.9, 'precipitation': 0.0, 'wind_speed': 4.0}
{'city': 'Bandung', 'timestamp': '2025-10-28T02:30', 'temperature': 25.9, 'precipitation': 0.0, 'wind_speed': 4.0}
{'city': 'Bandung', 'timestamp': '2025-10-28T02:30', 'temperature': 25.9, 'precipitation': 0.0, 'wind_speed': 4.0}
{'city': 'Bandung', 'timestamp': '2025-10-28T02:30', 'temperature': 25.9, 'precipitation': 0.0, 'wind_speed': 4.0}
{'city': 'Bandung', 'timestamp': '2025-10-28T02:30', 'temperature': 25.9, 'precipitation': 0.0, 'wind_speed': 4.0}
{'city': 'Bandung', 'timestamp': '2025-10-28T02:30', 'temperature': 25.9, 'precipitation': 0.0, 'wind_speed': 4.0}
{'city': 'Bandung', 'timestamp': '2025-10-28T02:30', 'temperature': 25.9, 'precipitation': 0.0, 'wind_speed': 4.0}
{'city': 'Bandung', 'timestamp': '2025-10-28T02:30', 'temperature': 25.9, 'precipitation': 0.0, 'wind_speed': 4.0}
{'city': 'Bandung', 'timestamp': '2025-10-28T02:30', 'temperature': 25.9, 'precipitation': 0.0, 'wind_speed': 4.0}
{'city': 'Bandung', 'timestamp': '2025-10-28T02:30', 'temperature': 25.9, 'precipitation': 0.0, 'wind_speed': 4.0}
{'city': 'Bandung', 'timestamp': '2025-10-28T02:30', 'temperature': 25.9, 'precipitation': 0.0, 'wind_speed': 4.0}
{'city': 'Bandung', 'timestamp': '2025-10-28T02:30', 'temperature': 25.9, 'precipitation': 0.0, 'wind_speed': 4.0}
{'city': 'Bandung', 'timestamp': '2025-10-28T02:30', 'temperature': 25.9, 'precipitation': 0.0, 'wind_speed': 4.0}
{'city': 'Bandung', 'timestamp': '2025-10-28T02:30', 'temperature': 25.9, 'precipitation': 0.0, 'wind_speed': 4.0}
{'city': 'Bandung', 'timestamp': '2025-10-28T02:30', 'temperature': 25.9, 'precipitation': 0.0, 'wind_speed': 4.0}
{'city': 'Bandung', 'timestamp': '2025-10-28T02:45', 'temperature': 26.1, 'precipitation': 0.0, 'wind_speed': 4.8}
{'city': 'Bandung', 'timestamp': '2025-10-28T02:45', 'temperature': 26.1, 'precipitation': 0.0, 'wind_speed': 4.8}
{'city': 'Bandung', 'timestamp': '2025-10-28T02:45', 'temperature': 26.1, 'precipitation': 0.0, 'wind_speed': 4.8}
{'city': 'Bandung', 'timestamp': '2025-10-28T02:45', 'temperature': 26.1, 'precipitation': 0.0, 'wind_speed': 4.8}
{'city': 'Bandung', 'timestamp': '2025-10-28T02:45', 'temperature': 26.1, 'precipitation': 0.0, 'wind_speed': 4.8}
{'city': 'Bandung', 'timestamp': '2025-10-28T02:45', 'temperature': 26.1, 'precipitation': 0.0, 'wind_speed': 4.8}
{'city': 'Bandung', 'timestamp': '2025-10-28T02:45', 'temperature': 26.1, 'precipitation': 0.0, 'wind_speed': 4.8}
{'city': 'Bandung', 'timestamp': '2025-10-28T02:45', 'temperature': 26.1, 'precipitation': 0.0, 'wind_speed': 4.8}
{'city': 'Bandung', 'timestamp': '2025-10-28T02:45', 'temperature': 26.1, 'precipitation': 0.0, 'wind_speed': 4.8}
{'city': 'Bandung', 'timestamp': '2025-10-28T02:45', 'temperature': 26.1, 'precipitation': 0.0, 'wind_speed': 4.8}
{'city': 'Bandung', 'timestamp': '2025-10-28T02:45', 'temperature': 26.1, 'precipitation': 0.0, 'wind_speed': 4.8}
{'city': 'Bandung', 'timestamp': '2025-10-28T02:45', 'temperature': 26.1, 'precipitation': 0.0, 'wind_speed': 4.8}
{'city': 'Bandung', 'timestamp': '2025-10-28T02:45', 'temperature': 26.1, 'precipitation': 0.0, 'wind_speed': 4.8}
{'city': 'Bandung', 'timestamp': '2025-10-28T02:45', 'temperature': 26.1, 'precipitation': 0.0, 'wind_speed': 4.8}
{'city': 'Bandung', 'timestamp': '2025-10-28T02:45', 'temperature': 26.1, 'precipitation': 0.0, 'wind_speed': 4.8}
{'city': 'Bandung', 'timestamp': '2025-10-28T03:00', 'temperature': 26.3, 'precipitation': 0.0, 'wind_speed': 5.2}
{'city': 'Bandung', 'timestamp': '2025-10-28T03:00', 'temperature': 26.3, 'precipitation': 0.0, 'wind_speed': 5.2}
{'city': 'Bandung', 'timestamp': '2025-10-28T03:00', 'temperature': 26.3, 'precipitation': 0.0, 'wind_speed': 5.2}
{'city': 'Bandung', 'timestamp': '2025-10-28T03:00', 'temperature': 26.3, 'precipitation': 0.0, 'wind_speed': 5.2}
{'city': 'Bandung', 'timestamp': '2025-10-28T03:00', 'temperature': 26.3, 'precipitation': 0.0, 'wind_speed': 5.2}
{'city': 'Bandung', 'timestamp': '2025-10-28T03:00', 'temperature': 26.3, 'precipitation': 0.0, 'wind_speed': 5.2}
{'city': 'Bandung', 'timestamp': '2025-10-28T03:00', 'temperature': 26.3, 'precipitation': 0.0, 'wind_speed': 5.2}
{'city': 'Bandung', 'timestamp': '2025-10-28T03:00', 'temperature': 26.3, 'precipitation': 0.0, 'wind_speed': 5.2}
{'city': 'Bandung', 'timestamp': '2025-10-28T03:00', 'temperature': 26.3, 'precipitation': 0.0, 'wind_speed': 5.2}
{'city': 'Bandung', 'timestamp': '2025-10-28T03:00', 'temperature': 26.3, 'precipitation': 0.0, 'wind_speed': 5.2}
{'city': 'Bandung', 'timestamp': '2025-10-28T03:00', 'temperature': 26.3, 'precipitation': 0.0, 'wind_speed': 5.2}
{'city': 'Bandung', 'timestamp': '2025-10-28T03:00', 'temperature': 26.3, 'precipitation': 0.0, 'wind_speed': 5.2}
{'city': 'Bandung', 'timestamp': '2025-10-28T03:00', 'temperature': 26.3, 'precipitation': 0.0, 'wind_speed': 5.2}
{'city': 'Bandung', 'timestamp': '2025-10-28T03:00', 'temperature': 26.3, 'precipitation': 0.0, 'wind_speed': 5.2}
{'city': 'Bandung', 'timestamp': '2025-10-28T03:00', 'temperature': 26.3, 'precipitation': 0.0, 'wind_speed': 5.2}
{'city': 'Bandung', 'timestamp': '2025-10-28T03:15', 'temperature': 26.4, 'precipitation': 0.0, 'wind_speed': 6.0}
{'city': 'Bandung', 'timestamp': '2025-10-28T03:15', 'temperature': 26.4, 'precipitation': 0.0, 'wind_speed': 6.0}
{'city': 'Bandung', 'timestamp': '2025-10-28T03:15', 'temperature': 26.4, 'precipitation': 0.0, 'wind_speed': 6.0}
{'city': 'Bandung', 'timestamp': '2025-10-28T03:15', 'temperature': 26.4, 'precipitation': 0.0, 'wind_speed': 6.0}
{'city': 'Bandung', 'timestamp': '2025-10-28T03:15', 'temperature': 26.4, 'precipitation': 0.0, 'wind_speed': 6.0}
{'city': 'Bandung', 'timestamp': '2025-10-28T03:15', 'temperature': 26.4, 'precipitation': 0.0, 'wind_speed': 6.0}
{'city': 'Bandung', 'timestamp': '2025-10-28T03:15', 'temperature': 26.4, 'precipitation': 0.0, 'wind_speed': 6.0}
{'city': 'Bandung', 'timestamp': '2025-10-28T03:15', 'temperature': 26.4, 'precipitation': 0.0, 'wind_speed': 6.0}
{'city': 'Bandung', 'timestamp': '2025-10-28T03:15', 'temperature': 26.4, 'precipitation': 0.0, 'wind_speed': 6.0}
{'city': 'Bandung', 'timestamp': '2025-10-28T03:15', 'temperature': 26.4, 'precipitation': 0.0, 'wind_speed': 6.0}
{'city': 'Bandung', 'timestamp': '2025-10-28T03:15', 'temperature': 26.4, 'precipitation': 0.0, 'wind_speed': 6.0}
{'city': 'Bandung', 'timestamp': '2025-10-28T03:15', 'temperature': 26.4, 'precipitation': 0.0, 'wind_speed': 6.0}
{'city': 'Bandung', 'timestamp': '2025-10-28T03:15', 'temperature': 26.4, 'precipitation': 0.0, 'wind_speed': 6.0}
{'city': 'Bandung', 'timestamp': '2025-10-28T03:15', 'temperature': 26.4, 'precipitation': 0.0, 'wind_speed': 6.0}
{'city': 'Bandung', 'timestamp': '2025-10-28T03:15', 'temperature': 26.4, 'precipitation': 0.0, 'wind_speed': 6.0}
{'city': 'Bandung', 'timestamp': '2025-10-28T03:30', 'temperature': 26.4, 'precipitation': 0.0, 'wind_speed': 7.2}
{'city': 'Bandung', 'timestamp': '2025-10-28T03:30', 'temperature': 26.4, 'precipitation': 0.0, 'wind_speed': 7.2}
{'city': 'Bandung', 'timestamp': '2025-10-28T03:30', 'temperature': 26.4, 'precipitation': 0.0, 'wind_speed': 7.2}
{'city': 'Bandung', 'timestamp': '2025-10-28T03:30', 'temperature': 26.4, 'precipitation': 0.0, 'wind_speed': 7.2}
{'city': 'Bandung', 'timestamp': '2025-10-28T03:30', 'temperature': 26.4, 'precipitation': 0.0, 'wind_speed': 7.2}
{'city': 'Bandung', 'timestamp': '2025-10-28T03:30', 'temperature': 26.4, 'precipitation': 0.0, 'wind_speed': 7.2}
{'city': 'Bandung', 'timestamp': '2025-10-28T03:30', 'temperature': 26.4, 'precipitation': 0.0, 'wind_speed': 7.2}
{'city': 'Bandung', 'timestamp': '2025-10-28T03:30', 'temperature': 26.4, 'precipitation': 0.0, 'wind_speed': 7.2}
{'city': 'Bandung', 'timestamp': '2025-10-28T03:30', 'temperature': 26.4, 'precipitation': 0.0, 'wind_speed': 7.2}
{'city': 'Bandung', 'timestamp': '2025-10-28T03:30', 'temperature': 26.4, 'precipitation': 0.0, 'wind_speed': 7.2}
{'city': 'Bandung', 'timestamp': '2025-10-28T03:30', 'temperature': 26.4, 'precipitation': 0.0, 'wind_speed': 7.2}
{'city': 'Bandung', 'timestamp': '2025-10-28T03:30', 'temperature': 26.4, 'precipitation': 0.0, 'wind_speed': 7.2}
{'city': 'Bandung', 'timestamp': '2025-10-28T03:30', 'temperature': 26.4, 'precipitation': 0.0, 'wind_speed': 7.2}
{'city': 'Bandung', 'timestamp': '2025-10-28T03:30', 'temperature': 26.4, 'precipitation': 0.0, 'wind_speed': 7.2}
{'city': 'Bandung', 'timestamp': '2025-10-28T03:30', 'temperature': 26.4, 'precipitation': 0.0, 'wind_speed': 7.2}
{'city': 'Bandung', 'timestamp': '2025-10-28T03:45', 'temperature': 26.4, 'precipitation': 0.0, 'wind_speed': 8.3}
{'city': 'Bandung', 'timestamp': '2025-10-28T03:45', 'temperature': 26.4, 'precipitation': 0.0, 'wind_speed': 8.3}
{'city': 'Bandung', 'timestamp': '2025-10-28T03:45', 'temperature': 26.4, 'precipitation': 0.0, 'wind_speed': 8.3}
{'city': 'Bandung', 'timestamp': '2025-10-28T03:45', 'temperature': 26.4, 'precipitation': 0.0, 'wind_speed': 8.3}
{'city': 'Bandung', 'timestamp': '2025-10-28T03:45', 'temperature': 26.4, 'precipitation': 0.0, 'wind_speed': 8.3}
{'city': 'Bandung', 'timestamp': '2025-10-28T03:45', 'temperature': 26.4, 'precipitation': 0.0, 'wind_speed': 8.3}
{'city': 'Bandung', 'timestamp': '2025-10-28T03:45', 'temperature': 26.4, 'precipitation': 0.0, 'wind_speed': 8.3}
{'city': 'Bandung', 'timestamp': '2025-10-28T03:45', 'temperature': 26.4, 'precipitation': 0.0, 'wind_speed': 8.3}
{'city': 'Bandung', 'timestamp': '2025-10-28T03:45', 'temperature': 26.4, 'precipitation': 0.0, 'wind_speed': 8.3}
{'city': 'Bandung', 'timestamp': '2025-10-28T03:45', 'temperature': 26.4, 'precipitation': 0.0, 'wind_speed': 8.3}
{'city': 'Bandung', 'timestamp': '2025-10-28T03:45', 'temperature': 26.4, 'precipitation': 0.0, 'wind_speed': 8.3}
{'city': 'Bandung', 'timestamp': '2025-10-28T03:45', 'temperature': 26.4, 'precipitation': 0.0, 'wind_speed': 8.3}
{'city': 'Bandung', 'timestamp': '2025-10-28T03:45', 'temperature': 26.4, 'precipitation': 0.0, 'wind_speed': 8.3}
{'city': 'Bandung', 'timestamp': '2025-10-28T03:45', 'temperature': 26.4, 'precipitation': 0.0, 'wind_speed': 8.3}
{'city': 'Bandung', 'timestamp': '2025-10-28T03:45', 'temperature': 26.4, 'precipitation': 0.0, 'wind_speed': 8.3}
{'city': 'Bandung', 'timestamp': '2025-10-28T04:00', 'temperature': 26.5, 'precipitation': 0.1, 'wind_speed': 9.0}
{'city': 'Bandung', 'timestamp': '2025-10-28T04:00', 'temperature': 26.5, 'precipitation': 0.1, 'wind_speed': 9.0}
{'city': 'Bandung', 'timestamp': '2025-10-28T04:00', 'temperature': 26.5, 'precipitation': 0.1, 'wind_speed': 9.0}
{'city': 'Bandung', 'timestamp': '2025-10-28T04:00', 'temperature': 26.5, 'precipitation': 0.1, 'wind_speed': 9.0}
{'city': 'Bandung', 'timestamp': '2025-10-28T04:00', 'temperature': 26.5, 'precipitation': 0.1, 'wind_speed': 9.0}
{'city': 'Bandung', 'timestamp': '2025-10-28T04:00', 'temperature': 26.5, 'precipitation': 0.1, 'wind_speed': 9.0}
{'city': 'Bandung', 'timestamp': '2025-10-28T04:00', 'temperature': 26.5, 'precipitation': 0.1, 'wind_speed': 9.0}
{'city': 'Bandung', 'timestamp': '2025-10-28T04:00', 'temperature': 26.5, 'precipitation': 0.1, 'wind_speed': 9.0}
{'city': 'Bandung', 'timestamp': '2025-10-28T04:00', 'temperature': 26.5, 'precipitation': 0.1, 'wind_speed': 9.0}
{'city': 'Bandung', 'timestamp': '2025-10-28T04:00', 'temperature': 26.5, 'precipitation': 0.1, 'wind_speed': 9.0}
{'city': 'Bandung', 'timestamp': '2025-10-28T04:00', 'temperature': 26.5, 'precipitation': 0.1, 'wind_speed': 9.0}
{'city': 'Bandung', 'timestamp': '2025-10-28T04:00', 'temperature': 26.5, 'precipitation': 0.1, 'wind_speed': 9.0}
{'city': 'Bandung', 'timestamp': '2025-10-28T04:00', 'temperature': 26.5, 'precipitation': 0.1, 'wind_speed': 9.0}
{'city': 'Bandung', 'timestamp': '2025-10-28T04:00', 'temperature': 26.5, 'precipitation': 0.1, 'wind_speed': 9.0}
{'city': 'Bandung', 'timestamp': '2025-10-28T04:00', 'temperature': 26.5, 'precipitation': 0.1, 'wind_speed': 9.0}
{'city': 'Bandung', 'timestamp': '2025-10-28T04:15', 'temperature': 26.4, 'precipitation': 0.1, 'wind_speed': 9.4}
{'city': 'Bandung', 'timestamp': '2025-10-28T04:15', 'temperature': 26.4, 'precipitation': 0.1, 'wind_speed': 9.4}
{'city': 'Bandung', 'timestamp': '2025-10-28T04:15', 'temperature': 26.4, 'precipitation': 0.1, 'wind_speed': 9.4}
